kotlin version: 2.0.0
error message: org.jetbrains.kotlin.backend.common.BackendException: Backend Internal error: Exception during IR lowering
File being compiled: C:/Users/kotak/Downloads/Spectragrow/story/src/main/java/com/pkmkc/spectragrow/story/ui/AddStoryFragment.kt
The root cause java.lang.RuntimeException was thrown at: org.jetbrains.kotlin.backend.jvm.codegen.FunctionCodegen.generate(FunctionCodegen.kt:50)
	at org.jetbrains.kotlin.backend.common.CodegenUtil.reportBackendException(CodegenUtil.kt:253)
	at org.jetbrains.kotlin.backend.common.CodegenUtil.reportBackendException$default(CodegenUtil.kt:236)
	at org.jetbrains.kotlin.backend.common.phaser.PerformByIrFilePhase.invokeSequential(performByIrFile.kt:65)
	at org.jetbrains.kotlin.backend.common.phaser.PerformByIrFilePhase.invoke(performByIrFile.kt:52)
	at org.jetbrains.kotlin.backend.common.phaser.PerformByIrFilePhase.invoke(performByIrFile.kt:38)
	at org.jetbrains.kotlin.backend.common.phaser.NamedCompilerPhase.phaseBody(CompilerPhase.kt:166)
	at org.jetbrains.kotlin.backend.common.phaser.AbstractNamedCompilerPhase.invoke(CompilerPhase.kt:113)
	at org.jetbrains.kotlin.backend.common.phaser.CompositePhase.invoke(PhaseBuilders.kt:29)
	at org.jetbrains.kotlin.backend.common.phaser.CompositePhase.invoke(PhaseBuilders.kt:16)
	at org.jetbrains.kotlin.backend.common.phaser.NamedCompilerPhase.phaseBody(CompilerPhase.kt:166)
	at org.jetbrains.kotlin.backend.common.phaser.AbstractNamedCompilerPhase.invoke(CompilerPhase.kt:113)
	at org.jetbrains.kotlin.backend.common.phaser.CompilerPhaseKt.invokeToplevel(CompilerPhase.kt:62)
	at org.jetbrains.kotlin.backend.jvm.JvmIrCodegenFactory.invokeCodegen(JvmIrCodegenFactory.kt:371)
	at org.jetbrains.kotlin.codegen.CodegenFactory.generateModule(CodegenFactory.kt:47)
	at org.jetbrains.kotlin.backend.jvm.JvmIrCodegenFactory.generateModuleInFrontendIRMode(JvmIrCodegenFactory.kt:433)
	at org.jetbrains.kotlin.cli.jvm.compiler.pipeline.JvmCompilerPipelineKt.generateCodeFromIr(jvmCompilerPipeline.kt:241)
	at org.jetbrains.kotlin.cli.jvm.compiler.pipeline.JvmCompilerPipelineKt.compileModulesUsingFrontendIrAndLightTree(jvmCompilerPipeline.kt:140)
	at org.jetbrains.kotlin.cli.jvm.K2JVMCompiler.doExecute(K2JVMCompiler.kt:155)
	at org.jetbrains.kotlin.cli.jvm.K2JVMCompiler.doExecute(K2JVMCompiler.kt:50)
	at org.jetbrains.kotlin.cli.common.CLICompiler.execImpl(CLICompiler.kt:104)
	at org.jetbrains.kotlin.cli.common.CLICompiler.execImpl(CLICompiler.kt:48)
	at org.jetbrains.kotlin.cli.common.CLITool.exec(CLITool.kt:101)
	at org.jetbrains.kotlin.incremental.IncrementalJvmCompilerRunner.runCompiler(IncrementalJvmCompilerRunner.kt:453)
	at org.jetbrains.kotlin.incremental.IncrementalJvmCompilerRunner.runCompiler(IncrementalJvmCompilerRunner.kt:62)
	at org.jetbrains.kotlin.incremental.IncrementalCompilerRunner.doCompile(IncrementalCompilerRunner.kt:506)
	at org.jetbrains.kotlin.incremental.IncrementalCompilerRunner.compileImpl(IncrementalCompilerRunner.kt:423)
	at org.jetbrains.kotlin.incremental.IncrementalCompilerRunner.compileNonIncrementally(IncrementalCompilerRunner.kt:301)
	at org.jetbrains.kotlin.incremental.IncrementalCompilerRunner.compile(IncrementalCompilerRunner.kt:129)
	at org.jetbrains.kotlin.daemon.CompileServiceImplBase.execIncrementalCompiler(CompileServiceImpl.kt:676)
	at org.jetbrains.kotlin.daemon.CompileServiceImplBase.access$execIncrementalCompiler(CompileServiceImpl.kt:92)
	at org.jetbrains.kotlin.daemon.CompileServiceImpl.compile(CompileServiceImpl.kt:1661)
	at java.base/jdk.internal.reflect.DirectMethodHandleAccessor.invoke(Unknown Source)
	at java.base/java.lang.reflect.Method.invoke(Unknown Source)
	at java.rmi/sun.rmi.server.UnicastServerRef.dispatch(Unknown Source)
	at java.rmi/sun.rmi.transport.Transport$1.run(Unknown Source)
	at java.rmi/sun.rmi.transport.Transport$1.run(Unknown Source)
	at java.base/java.security.AccessController.doPrivileged(Unknown Source)
	at java.rmi/sun.rmi.transport.Transport.serviceCall(Unknown Source)
	at java.rmi/sun.rmi.transport.tcp.TCPTransport.handleMessages(Unknown Source)
	at java.rmi/sun.rmi.transport.tcp.TCPTransport$ConnectionHandler.run0(Unknown Source)
	at java.rmi/sun.rmi.transport.tcp.TCPTransport$ConnectionHandler.lambda$run$0(Unknown Source)
	at java.base/java.security.AccessController.doPrivileged(Unknown Source)
	at java.rmi/sun.rmi.transport.tcp.TCPTransport$ConnectionHandler.run(Unknown Source)
	at java.base/java.util.concurrent.ThreadPoolExecutor.runWorker(Unknown Source)
	at java.base/java.util.concurrent.ThreadPoolExecutor$Worker.run(Unknown Source)
	at java.base/java.lang.Thread.run(Unknown Source)
Caused by: java.lang.RuntimeException: Exception while generating code for:
FUN name:AddStoryScreen visibility:public modality:FINAL <> (viewModel:com.pkmkc.spectragrow.story.ui.StoryViewModel, onNavigateToListStory:kotlin.Function0<kotlin.Unit>) returnType:kotlin.Unit
  annotations:
    OptIn(markerClass = [CLASS_REFERENCE 'CLASS IR_EXTERNAL_DECLARATION_STUB ANNOTATION_CLASS name:ExperimentalMaterial3Api modality:OPEN visibility:public superTypes:[kotlin.Annotation]' type=kotlin.reflect.KClass<androidx.compose.material3.ExperimentalMaterial3Api>, CLASS_REFERENCE 'CLASS IR_EXTERNAL_DECLARATION_STUB ANNOTATION_CLASS name:ExperimentalPermissionsApi modality:OPEN visibility:public superTypes:[kotlin.Annotation]' type=kotlin.reflect.KClass<com.google.accompanist.permissions.ExperimentalPermissionsApi>])
    Composable
  VALUE_PARAMETER name:viewModel index:0 type:com.pkmkc.spectragrow.story.ui.StoryViewModel
    EXPRESSION_BODY
      ERROR_EXPR 'Default Stub' type=com.pkmkc.spectragrow.story.ui.StoryViewModel
  VALUE_PARAMETER name:onNavigateToListStory index:1 type:kotlin.Function0<kotlin.Unit>
  BLOCK_BODY
    VAR name:context type:android.content.Context [val]
      CALL 'public final fun <get-current> (): T of androidx.compose.runtime.CompositionLocal [inline] declared in androidx.compose.runtime.CompositionLocal' type=android.content.Context origin=GET_PROPERTY
        $this: TYPE_OP type=androidx.compose.runtime.CompositionLocal<T of androidx.compose.runtime.CompositionLocal> origin=IMPLICIT_CAST typeOperand=androidx.compose.runtime.CompositionLocal<T of androidx.compose.runtime.CompositionLocal>
          CALL 'public final fun <get-LocalContext> (): androidx.compose.runtime.ProvidableCompositionLocal<android.content.Context> declared in androidx.compose.ui.platform.AndroidCompositionLocals_androidKt' type=androidx.compose.runtime.ProvidableCompositionLocal<android.content.Context> origin=GET_PROPERTY
    VAR name:scope type:kotlinx.coroutines.CoroutineScope [val]
      CALL 'public final fun rememberCoroutineScope$default (getContext: @[DisallowComposableCalls] kotlin.Function0<kotlin.coroutines.CoroutineContext>?, $mask0: kotlin.Int, $handler: kotlin.Any?): kotlinx.coroutines.CoroutineScope [inline] declared in androidx.compose.runtime.EffectsKt' type=kotlinx.coroutines.CoroutineScope origin=DEFAULT_DISPATCH_CALL
        getContext: COMPOSITE type=@[DisallowComposableCalls] kotlin.Function0<kotlin.coroutines.CoroutineContext>? origin=DEFAULT_VALUE
          CONST Null type=@[DisallowComposableCalls] kotlin.Function0<kotlin.coroutines.CoroutineContext>? value=null
        $mask0: CONST Int type=kotlin.Int value=1
        $handler: CONST Null type=kotlin.Any? value=null
    VAR PROPERTY_DELEGATE name:title$delegate type:androidx.compose.runtime.MutableState<kotlin.String> [val]
      CALL 'public final fun remember <T> (calculation: @[DisallowComposableCalls] kotlin.Function0<T of androidx.compose.runtime.ComposablesKt.remember>): T of androidx.compose.runtime.ComposablesKt.remember [inline] declared in androidx.compose.runtime.ComposablesKt' type=androidx.compose.runtime.MutableState<kotlin.String> origin=null
        <T>: androidx.compose.runtime.MutableState<kotlin.String>
        calculation: BLOCK type=kotlin.Function0<androidx.compose.runtime.MutableState<kotlin.String>> origin=LAMBDA
          COMPOSITE type=kotlin.Unit origin=null
          FUNCTION_REFERENCE 'private final fun AddStoryScreen$lambda$0 (): androidx.compose.runtime.MutableState<kotlin.String> declared in com.pkmkc.spectragrow.story.ui.AddStoryFragmentKt' type=kotlin.Function0<androidx.compose.runtime.MutableState<kotlin.String>> origin=INLINE_LAMBDA reflectionTarget=null
    VAR PROPERTY_DELEGATE name:description$delegate type:androidx.compose.runtime.MutableState<kotlin.String> [val]
      CALL 'public final fun remember <T> (calculation: @[DisallowComposableCalls] kotlin.Function0<T of androidx.compose.runtime.ComposablesKt.remember>): T of androidx.compose.runtime.ComposablesKt.remember [inline] declared in androidx.compose.runtime.ComposablesKt' type=androidx.compose.runtime.MutableState<kotlin.String> origin=null
        <T>: androidx.compose.runtime.MutableState<kotlin.String>
        calculation: BLOCK type=kotlin.Function0<androidx.compose.runtime.MutableState<kotlin.String>> origin=LAMBDA
          COMPOSITE type=kotlin.Unit origin=null
          FUNCTION_REFERENCE 'private final fun AddStoryScreen$lambda$3 (): androidx.compose.runtime.MutableState<kotlin.String> declared in com.pkmkc.spectragrow.story.ui.AddStoryFragmentKt' type=kotlin.Function0<androidx.compose.runtime.MutableState<kotlin.String>> origin=INLINE_LAMBDA reflectionTarget=null
    VAR PROPERTY_DELEGATE name:imageUri$delegate type:androidx.compose.runtime.MutableState<android.net.Uri?> [val]
      CALL 'public final fun remember <T> (calculation: @[DisallowComposableCalls] kotlin.Function0<T of androidx.compose.runtime.ComposablesKt.remember>): T of androidx.compose.runtime.ComposablesKt.remember [inline] declared in androidx.compose.runtime.ComposablesKt' type=androidx.compose.runtime.MutableState<android.net.Uri?> origin=null
        <T>: androidx.compose.runtime.MutableState<android.net.Uri?>
        calculation: BLOCK type=kotlin.Function0<androidx.compose.runtime.MutableState<android.net.Uri?>> origin=LAMBDA
          COMPOSITE type=kotlin.Unit origin=null
          FUNCTION_REFERENCE 'private final fun AddStoryScreen$lambda$6 (): androidx.compose.runtime.MutableState<android.net.Uri?> declared in com.pkmkc.spectragrow.story.ui.AddStoryFragmentKt' type=kotlin.Function0<androidx.compose.runtime.MutableState<android.net.Uri?>> origin=INLINE_LAMBDA reflectionTarget=null
    VAR PROPERTY_DELEGATE name:isUploading$delegate type:androidx.compose.runtime.MutableState<kotlin.Boolean> [val]
      CALL 'public final fun remember <T> (calculation: @[DisallowComposableCalls] kotlin.Function0<T of androidx.compose.runtime.ComposablesKt.remember>): T of androidx.compose.runtime.ComposablesKt.remember [inline] declared in androidx.compose.runtime.ComposablesKt' type=androidx.compose.runtime.MutableState<kotlin.Boolean> origin=null
        <T>: androidx.compose.runtime.MutableState<kotlin.Boolean>
        calculation: BLOCK type=kotlin.Function0<androidx.compose.runtime.MutableState<kotlin.Boolean>> origin=LAMBDA
          COMPOSITE type=kotlin.Unit origin=null
          FUNCTION_REFERENCE 'private final fun AddStoryScreen$lambda$9 (): androidx.compose.runtime.MutableState<kotlin.Boolean> declared in com.pkmkc.spectragrow.story.ui.AddStoryFragmentKt' type=kotlin.Function0<androidx.compose.runtime.MutableState<kotlin.Boolean>> origin=INLINE_LAMBDA reflectionTarget=null
    VAR PROPERTY_DELEGATE name:currentLocation$delegate type:androidx.compose.runtime.MutableState<android.location.Location?> [val]
      CALL 'public final fun remember <T> (calculation: @[DisallowComposableCalls] kotlin.Function0<T of androidx.compose.runtime.ComposablesKt.remember>): T of androidx.compose.runtime.ComposablesKt.remember [inline] declared in androidx.compose.runtime.ComposablesKt' type=androidx.compose.runtime.MutableState<android.location.Location?> origin=null
        <T>: androidx.compose.runtime.MutableState<android.location.Location?>
        calculation: BLOCK type=kotlin.Function0<androidx.compose.runtime.MutableState<android.location.Location?>> origin=LAMBDA
          COMPOSITE type=kotlin.Unit origin=null
          FUNCTION_REFERENCE 'private final fun AddStoryScreen$lambda$12 (): androidx.compose.runtime.MutableState<android.location.Location?> declared in com.pkmkc.spectragrow.story.ui.AddStoryFragmentKt' type=kotlin.Function0<androidx.compose.runtime.MutableState<android.location.Location?>> origin=INLINE_LAMBDA reflectionTarget=null
    VAR name:locationPermissionState type:com.google.accompanist.permissions.PermissionState [val]
      CALL 'public final fun rememberPermissionState$default (permission: kotlin.String, onPermissionResult: kotlin.Function1<kotlin.Boolean, kotlin.Unit>?, $mask0: kotlin.Int, $handler: kotlin.Any?): com.google.accompanist.permissions.PermissionState declared in com.google.accompanist.permissions.PermissionStateKt' type=com.google.accompanist.permissions.PermissionState origin=DEFAULT_DISPATCH_CALL
        permission: CONST String type=kotlin.String value="android.permission.ACCESS_FINE_LOCATION"
        onPermissionResult: COMPOSITE type=kotlin.Function1<kotlin.Boolean, kotlin.Unit>? origin=DEFAULT_VALUE
          CONST Null type=kotlin.Function1<kotlin.Boolean, kotlin.Unit>? value=null
        $mask0: CONST Int type=kotlin.Int value=2
        $handler: CONST Null type=kotlin.Any? value=null
    VAR name:cameraPermissionState type:com.google.accompanist.permissions.PermissionState [val]
      CALL 'public final fun rememberPermissionState$default (permission: kotlin.String, onPermissionResult: kotlin.Function1<kotlin.Boolean, kotlin.Unit>?, $mask0: kotlin.Int, $handler: kotlin.Any?): com.google.accompanist.permissions.PermissionState declared in com.google.accompanist.permissions.PermissionStateKt' type=com.google.accompanist.permissions.PermissionState origin=DEFAULT_DISPATCH_CALL
        permission: CONST String type=kotlin.String value="android.permission.CAMERA"
        onPermissionResult: COMPOSITE type=kotlin.Function1<kotlin.Boolean, kotlin.Unit>? origin=DEFAULT_VALUE
          CONST Null type=kotlin.Function1<kotlin.Boolean, kotlin.Unit>? value=null
        $mask0: CONST Int type=kotlin.Int value=2
        $handler: CONST Null type=kotlin.Any? value=null
    VAR name:fusedLocationClient type:com.google.android.gms.location.FusedLocationProviderClient [val]
      BLOCK type=com.google.android.gms.location.FusedLocationProviderClient origin=null
        VAR IR_TEMPORARY_VARIABLE name:tmp0 type:kotlin.Any? [val]
          CALL 'public open fun getFusedLocationProviderClient (p0: @[EnhancedNullability] android.content.Context): @[EnhancedNullability] com.google.android.gms.location.FusedLocationProviderClient declared in com.google.android.gms.location.LocationServices' type=@[EnhancedNullability] com.google.android.gms.location.FusedLocationProviderClient origin=null
            p0: GET_VAR 'val context: android.content.Context [val] declared in com.pkmkc.spectragrow.story.ui.AddStoryFragmentKt.AddStoryScreen' type=android.content.Context origin=null
        CALL 'public final fun checkNotNullExpressionValue (value: kotlin.Any?, expression: kotlin.String): kotlin.Unit declared in kotlin.jvm.internal.Intrinsics' type=kotlin.Unit origin=null
          value: GET_VAR 'val tmp0: kotlin.Any? [val] declared in com.pkmkc.spectragrow.story.ui.AddStoryFragmentKt.AddStoryScreen' type=kotlin.Any? origin=null
          expression: CONST String type=kotlin.String value="getFusedLocationProviderClient(...)"
        GET_VAR 'val tmp0: kotlin.Any? [val] declared in com.pkmkc.spectragrow.story.ui.AddStoryFragmentKt.AddStoryScreen' type=kotlin.Any? origin=null
    CALL 'public final fun LaunchedEffect (key1: kotlin.Any?, block: @[ExtensionFunctionType] kotlin.coroutines.SuspendFunction1<kotlinx.coroutines.CoroutineScope, kotlin.Unit>): kotlin.Unit declared in androidx.compose.runtime.EffectsKt' type=kotlin.Unit origin=null
      key1: CALL 'public final fun ANDAND (arg0: kotlin.Boolean, arg1: kotlin.Boolean): kotlin.Boolean declared in kotlin.internal.ir' type=kotlin.Boolean origin=null
        arg0: CALL 'public final fun <get-isGranted> (): kotlin.Boolean declared in com.google.accompanist.permissions.PermissionsUtilKt' type=kotlin.Boolean origin=GET_PROPERTY
          $receiver: CALL 'public abstract fun <get-status> (): com.google.accompanist.permissions.PermissionStatus declared in com.google.accompanist.permissions.PermissionState' type=com.google.accompanist.permissions.PermissionStatus origin=GET_PROPERTY
            $this: GET_VAR 'val locationPermissionState: com.google.accompanist.permissions.PermissionState [val] declared in com.pkmkc.spectragrow.story.ui.AddStoryFragmentKt.AddStoryScreen' type=com.google.accompanist.permissions.PermissionState origin=null
        arg1: CALL 'public final fun <get-isGranted> (): kotlin.Boolean declared in com.google.accompanist.permissions.PermissionsUtilKt' type=kotlin.Boolean origin=GET_PROPERTY
          $receiver: CALL 'public abstract fun <get-status> (): com.google.accompanist.permissions.PermissionStatus declared in com.google.accompanist.permissions.PermissionState' type=com.google.accompanist.permissions.PermissionStatus origin=GET_PROPERTY
            $this: GET_VAR 'val cameraPermissionState: com.google.accompanist.permissions.PermissionState [val] declared in com.pkmkc.spectragrow.story.ui.AddStoryFragmentKt.AddStoryScreen' type=com.google.accompanist.permissions.PermissionState origin=null
      block: BLOCK type=com.pkmkc.spectragrow.story.ui.AddStoryFragmentKt.AddStoryScreen.<no name provided> origin=null
        CLASS SUSPEND_LAMBDA CLASS name:<no name provided> modality:FINAL visibility:public/*package*/ superTypes:[kotlin.coroutines.jvm.internal.SuspendLambda; kotlin.jvm.functions.Function2<kotlinx.coroutines.CoroutineScope, kotlin.coroutines.Continuation<kotlin.Unit>?, kotlin.Any?>]
          $this: VALUE_PARAMETER INSTANCE_RECEIVER name:<this> type:com.pkmkc.spectragrow.story.ui.AddStoryFragmentKt.AddStoryScreen.<no name provided>
          FIELD name:label type:kotlin.Int visibility:public/*package*/
          FIELD FIELD_FOR_CAPTURED_VALUE name:L$0 type:kotlin.Any? visibility:private
          CONSTRUCTOR SUSPEND_LAMBDA visibility:public/*package*/ <> ($locationPermissionState:com.google.accompanist.permissions.PermissionState, $context:android.content.Context, $fusedLocationClient:com.google.android.gms.location.FusedLocationProviderClient, $cameraPermissionState:com.google.accompanist.permissions.PermissionState, $currentLocation$delegate:androidx.compose.runtime.MutableState<android.location.Location?>, $completion:kotlin.coroutines.Continuation<com.pkmkc.spectragrow.story.ui.AddStoryFragmentKt.AddStoryScreen.<no name provided>>?) returnType:com.pkmkc.spectragrow.story.ui.AddStoryFragmentKt.AddStoryScreen.<no name provided> [primary]
            VALUE_PARAMETER BOUND_VALUE_PARAMETER name:$locationPermissionState index:0 type:com.google.accompanist.permissions.PermissionState
            VALUE_PARAMETER BOUND_VALUE_PARAMETER name:$context index:1 type:android.content.Context
            VALUE_PARAMETER BOUND_VALUE_PARAMETER name:$fusedLocationClient index:2 type:com.google.android.gms.location.FusedLocationProviderClient
            VALUE_PARAMETER BOUND_VALUE_PARAMETER name:$cameraPermissionState index:3 type:com.google.accompanist.permissions.PermissionState
            VALUE_PARAMETER BOUND_VALUE_PARAMETER name:$currentLocation$delegate index:4 type:androidx.compose.runtime.MutableState<android.location.Location?>
            VALUE_PARAMETER name:$completion index:5 type:kotlin.coroutines.Continuation<com.pkmkc.spectragrow.story.ui.AddStoryFragmentKt.AddStoryScreen.<no name provided>>?
            BLOCK_BODY
              SET_FIELD 'FIELD FIELD_FOR_CAPTURED_VALUE name:$locationPermissionState type:com.google.accompanist.permissions.PermissionState visibility:public/*package*/ [final]' type=kotlin.Unit origin=INITIALIZER_OF_FIELD_FOR_CAPTURED_VALUE
                receiver: GET_VAR '<this>: com.pkmkc.spectragrow.story.ui.AddStoryFragmentKt.AddStoryScreen.<no name provided> declared in com.pkmkc.spectragrow.story.ui.AddStoryFragmentKt.AddStoryScreen.<no name provided>' type=com.pkmkc.spectragrow.story.ui.AddStoryFragmentKt.AddStoryScreen.<no name provided> origin=null
                value: GET_VAR '$locationPermissionState: com.google.accompanist.permissions.PermissionState declared in com.pkmkc.spectragrow.story.ui.AddStoryFragmentKt.AddStoryScreen.<no name provided>.<init>' type=com.google.accompanist.permissions.PermissionState origin=null
              SET_FIELD 'FIELD FIELD_FOR_CAPTURED_VALUE name:$context type:android.content.Context visibility:public/*package*/ [final]' type=kotlin.Unit origin=INITIALIZER_OF_FIELD_FOR_CAPTURED_VALUE
                receiver: GET_VAR '<this>: com.pkmkc.spectragrow.story.ui.AddStoryFragmentKt.AddStoryScreen.<no name provided> declared in com.pkmkc.spectragrow.story.ui.AddStoryFragmentKt.AddStoryScreen.<no name provided>' type=com.pkmkc.spectragrow.story.ui.AddStoryFragmentKt.AddStoryScreen.<no name provided> origin=null
                value: GET_VAR '$context: android.content.Context declared in com.pkmkc.spectragrow.story.ui.AddStoryFragmentKt.AddStoryScreen.<no name provided>.<init>' type=android.content.Context origin=null
              SET_FIELD 'FIELD FIELD_FOR_CAPTURED_VALUE name:$fusedLocationClient type:com.google.android.gms.location.FusedLocationProviderClient visibility:public/*package*/ [final]' type=kotlin.Unit origin=INITIALIZER_OF_FIELD_FOR_CAPTURED_VALUE
                receiver: GET_VAR '<this>: com.pkmkc.spectragrow.story.ui.AddStoryFragmentKt.AddStoryScreen.<no name provided> declared in com.pkmkc.spectragrow.story.ui.AddStoryFragmentKt.AddStoryScreen.<no name provided>' type=com.pkmkc.spectragrow.story.ui.AddStoryFragmentKt.AddStoryScreen.<no name provided> origin=null
                value: GET_VAR '$fusedLocationClient: com.google.android.gms.location.FusedLocationProviderClient declared in com.pkmkc.spectragrow.story.ui.AddStoryFragmentKt.AddStoryScreen.<no name provided>.<init>' type=com.google.android.gms.location.FusedLocationProviderClient origin=null
              SET_FIELD 'FIELD FIELD_FOR_CAPTURED_VALUE name:$cameraPermissionState type:com.google.accompanist.permissions.PermissionState visibility:public/*package*/ [final]' type=kotlin.Unit origin=INITIALIZER_OF_FIELD_FOR_CAPTURED_VALUE
                receiver: GET_VAR '<this>: com.pkmkc.spectragrow.story.ui.AddStoryFragmentKt.AddStoryScreen.<no name provided> declared in com.pkmkc.spectragrow.story.ui.AddStoryFragmentKt.AddStoryScreen.<no name provided>' type=com.pkmkc.spectragrow.story.ui.AddStoryFragmentKt.AddStoryScreen.<no name provided> origin=null
                value: GET_VAR '$cameraPermissionState: com.google.accompanist.permissions.PermissionState declared in com.pkmkc.spectragrow.story.ui.AddStoryFragmentKt.AddStoryScreen.<no name provided>.<init>' type=com.google.accompanist.permissions.PermissionState origin=null
              SET_FIELD 'FIELD FIELD_FOR_CAPTURED_VALUE name:$currentLocation$delegate type:androidx.compose.runtime.MutableState<android.location.Location?> visibility:public/*package*/ [final]' type=kotlin.Unit origin=INITIALIZER_OF_FIELD_FOR_CAPTURED_VALUE
                receiver: GET_VAR '<this>: com.pkmkc.spectragrow.story.ui.AddStoryFragmentKt.AddStoryScreen.<no name provided> declared in com.pkmkc.spectragrow.story.ui.AddStoryFragmentKt.AddStoryScreen.<no name provided>' type=com.pkmkc.spectragrow.story.ui.AddStoryFragmentKt.AddStoryScreen.<no name provided> origin=null
                value: GET_VAR '$currentLocation$delegate: androidx.compose.runtime.MutableState<android.location.Location?> declared in com.pkmkc.spectragrow.story.ui.AddStoryFragmentKt.AddStoryScreen.<no name provided>.<init>' type=androidx.compose.runtime.MutableState<android.location.Location?> origin=null
              DELEGATING_CONSTRUCTOR_CALL 'public constructor <init> (arity: kotlin.Int, $completion: kotlin.coroutines.Continuation<kotlin.Any?>?) declared in kotlin.coroutines.jvm.internal.SuspendLambda'
                arity: CONST Int type=kotlin.Int value=2
                $completion: GET_VAR '$completion: kotlin.coroutines.Continuation<com.pkmkc.spectragrow.story.ui.AddStoryFragmentKt.AddStoryScreen.<no name provided>>? declared in com.pkmkc.spectragrow.story.ui.AddStoryFragmentKt.AddStoryScreen.<no name provided>.<init>' type=kotlin.coroutines.Continuation<com.pkmkc.spectragrow.story.ui.AddStoryFragmentKt.AddStoryScreen.<no name provided>>? origin=null
              BLOCK type=kotlin.Unit origin=null
          FUN name:invokeSuspend visibility:public modality:FINAL <> ($this:com.pkmkc.spectragrow.story.ui.AddStoryFragmentKt.AddStoryScreen.<no name provided>, $result:kotlin.Result<kotlin.Any?>) returnType:kotlin.Any?
            overridden:
              protected abstract fun invokeSuspend ($result: kotlin.Result<kotlin.Any?>): kotlin.Any? declared in kotlin.coroutines.jvm.internal.SuspendLambda
            $this: VALUE_PARAMETER INSTANCE_RECEIVER name:<this> type:com.pkmkc.spectragrow.story.ui.AddStoryFragmentKt.AddStoryScreen.<no name provided>
            VALUE_PARAMETER name:$result index:0 type:kotlin.Result<kotlin.Any?>
            BLOCK_BODY
              VAR name:$this$LaunchedEffect type:kotlinx.coroutines.CoroutineScope [val]
                BLOCK type=kotlinx.coroutines.CoroutineScope origin=null
                  GET_FIELD 'FIELD FIELD_FOR_CAPTURED_VALUE name:L$0 type:kotlin.Any? visibility:private' type=kotlinx.coroutines.CoroutineScope origin=null
                    receiver: GET_VAR '<this>: com.pkmkc.spectragrow.story.ui.AddStoryFragmentKt.AddStoryScreen.<no name provided> declared in com.pkmkc.spectragrow.story.ui.AddStoryFragmentKt.AddStoryScreen.<no name provided>.invokeSuspend' type=com.pkmkc.spectragrow.story.ui.AddStoryFragmentKt.AddStoryScreen.<no name provided> origin=null
              WHEN type=kotlin.Unit origin=IF
                BRANCH
                  if: CALL 'public final fun <get-isGranted> (): kotlin.Boolean declared in com.google.accompanist.permissions.PermissionsUtilKt' type=kotlin.Boolean origin=GET_PROPERTY
                    $receiver: CALL 'public abstract fun <get-status> (): com.google.accompanist.permissions.PermissionStatus declared in com.google.accompanist.permissions.PermissionState' type=com.google.accompanist.permissions.PermissionStatus origin=GET_PROPERTY
                      $this: GET_FIELD 'FIELD FIELD_FOR_CAPTURED_VALUE name:$locationPermissionState type:com.google.accompanist.permissions.PermissionState visibility:public/*package*/ [final]' type=com.google.accompanist.permissions.PermissionState origin=null
                        receiver: GET_VAR '<this>: com.pkmkc.spectragrow.story.ui.AddStoryFragmentKt.AddStoryScreen.<no name provided> declared in com.pkmkc.spectragrow.story.ui.AddStoryFragmentKt.AddStoryScreen.<no name provided>.invokeSuspend' type=com.pkmkc.spectragrow.story.ui.AddStoryFragmentKt.AddStoryScreen.<no name provided> origin=null
                  then: BLOCK type=kotlin.Unit origin=null
                    WHEN type=kotlin.Unit origin=IF
                      BRANCH
                        if: CALL 'public final fun EQEQ (arg0: kotlin.Any?, arg1: kotlin.Any?): kotlin.Boolean declared in kotlin.internal.ir' type=kotlin.Boolean origin=EQEQ
                          arg0: CALL 'public open fun checkSelfPermission (p0: @[EnhancedNullability] android.content.Context, p1: @[EnhancedNullability] kotlin.String): kotlin.Int [fake_override] declared in androidx.core.app.ActivityCompat' type=kotlin.Int origin=null
                            p0: GET_FIELD 'FIELD FIELD_FOR_CAPTURED_VALUE name:$context type:android.content.Context visibility:public/*package*/ [final]' type=android.content.Context origin=null
                              receiver: GET_VAR '<this>: com.pkmkc.spectragrow.story.ui.AddStoryFragmentKt.AddStoryScreen.<no name provided> declared in com.pkmkc.spectragrow.story.ui.AddStoryFragmentKt.AddStoryScreen.<no name provided>.invokeSuspend' type=com.pkmkc.spectragrow.story.ui.AddStoryFragmentKt.AddStoryScreen.<no name provided> origin=null
                            p1: CONST String type=kotlin.String value="android.permission.ACCESS_FINE_LOCATION"
                          arg1: CONST Int type=kotlin.Int value=0
                        then: COMPOSITE type=kotlin.Unit origin=null
                          BLOCK type=@[EnhancedNullability] com.google.android.gms.tasks.Task<@[FlexibleNullability] android.location.Location?> origin=null
                            CALL 'public abstract fun addOnSuccessListener (p0: @[EnhancedNullability] com.google.android.gms.tasks.OnSuccessListener<in @[FlexibleNullability] TResult of com.google.android.gms.tasks.Task?>): @[EnhancedNullability] com.google.android.gms.tasks.Task<@[FlexibleNullability] TResult of com.google.android.gms.tasks.Task?> declared in com.google.android.gms.tasks.Task' type=@[EnhancedNullability] com.google.android.gms.tasks.Task<@[FlexibleNullability] android.location.Location?> origin=null
                              $this: CALL 'public abstract fun getLastLocation (): @[EnhancedNullability] com.google.android.gms.tasks.Task<@[FlexibleNullability] android.location.Location?> declared in com.google.android.gms.location.FusedLocationProviderClient' type=@[EnhancedNullability] com.google.android.gms.tasks.Task<@[FlexibleNullability] android.location.Location?> origin=GET_PROPERTY
                                $this: GET_FIELD 'FIELD FIELD_FOR_CAPTURED_VALUE name:$fusedLocationClient type:com.google.android.gms.location.FusedLocationProviderClient visibility:public/*package*/ [final]' type=com.google.android.gms.location.FusedLocationProviderClient origin=null
                                  receiver: GET_VAR '<this>: com.pkmkc.spectragrow.story.ui.AddStoryFragmentKt.AddStoryScreen.<no name provided> declared in com.pkmkc.spectragrow.story.ui.AddStoryFragmentKt.AddStoryScreen.<no name provided>.invokeSuspend' type=com.pkmkc.spectragrow.story.ui.AddStoryFragmentKt.AddStoryScreen.<no name provided> origin=null
                              p0: BLOCK type=com.google.android.gms.tasks.OnSuccessListener<kotlin.Any?> origin=LAMBDA
                                VAR IR_TEMPORARY_VARIABLE name:tmp0 type:kotlin.Function1<kotlin.Any?, kotlin.Unit> [val]
                                  TYPE_OP type=kotlin.Function1<kotlin.Any?, kotlin.Unit> origin=IMPLICIT_CAST typeOperand=kotlin.Function1<kotlin.Any?, kotlin.Unit>
                                    BLOCK type=kotlin.Function1<@[FlexibleNullability] android.location.Location?, kotlin.Unit> origin=LAMBDA
                                      COMPOSITE type=kotlin.Unit origin=null
                                      CALL 'public final fun <jvm-indy> <T> (dynamicCall: T of kotlin.jvm.internal.<jvm-indy>, bootstrapMethodHandle: kotlin.Any, vararg bootstrapMethodArguments: kotlin.Any): T of kotlin.jvm.internal.<jvm-indy> declared in kotlin.jvm.internal' type=kotlin.Function1<@[FlexibleNullability] android.location.Location?, kotlin.Unit> origin=null
                                        <T>: kotlin.Function1<@[FlexibleNullability] android.location.Location?, kotlin.Unit>
                                        dynamicCall: CALL 'public final fun invoke (p0: kotlinx.coroutines.CoroutineScope, p1: androidx.compose.runtime.MutableState<android.location.Location?>, p2: android.content.Context): kotlin.Function1<@[FlexibleNullability] android.location.Location?, kotlin.Unit> declared in kotlin.jvm.internal.invokeDynamic' type=kotlin.Function1<@[FlexibleNullability] android.location.Location?, kotlin.Unit> origin=null
                                          p0: GET_VAR 'val $this$LaunchedEffect: kotlinx.coroutines.CoroutineScope [val] declared in com.pkmkc.spectragrow.story.ui.AddStoryFragmentKt.AddStoryScreen.<no name provided>.invokeSuspend' type=kotlinx.coroutines.CoroutineScope origin=null
                                          p1: GET_FIELD 'FIELD FIELD_FOR_CAPTURED_VALUE name:$currentLocation$delegate type:androidx.compose.runtime.MutableState<android.location.Location?> visibility:public/*package*/ [final]' type=androidx.compose.runtime.MutableState<android.location.Location?> origin=null
                                            receiver: GET_VAR '<this>: com.pkmkc.spectragrow.story.ui.AddStoryFragmentKt.AddStoryScreen.<no name provided> declared in com.pkmkc.spectragrow.story.ui.AddStoryFragmentKt.AddStoryScreen.<no name provided>.invokeSuspend' type=com.pkmkc.spectragrow.story.ui.AddStoryFragmentKt.AddStoryScreen.<no name provided> origin=null
                                          p2: GET_FIELD 'FIELD FIELD_FOR_CAPTURED_VALUE name:$context type:android.content.Context visibility:public/*package*/ [final]' type=android.content.Context origin=null
                                            receiver: GET_VAR '<this>: com.pkmkc.spectragrow.story.ui.AddStoryFragmentKt.AddStoryScreen.<no name provided> declared in com.pkmkc.spectragrow.story.ui.AddStoryFragmentKt.AddStoryScreen.<no name provided>.invokeSuspend' type=com.pkmkc.spectragrow.story.ui.AddStoryFragmentKt.AddStoryScreen.<no name provided> origin=null
                                        bootstrapMethodHandle: CALL 'public final fun <jvm-method-handle> (tag: kotlin.Int, owner: kotlin.String, name: kotlin.String, descriptor: kotlin.String, isInterface: kotlin.Boolean): kotlin.Any declared in kotlin.jvm.internal' type=kotlin.Any origin=null
                                          tag: CONST Int type=kotlin.Int value=6
                                          owner: CONST String type=kotlin.String value="java/lang/invoke/LambdaMetafactory"
                                          name: CONST String type=kotlin.String value="metafactory"
                                          descriptor: CONST String type=kotlin.String value="(Ljava/lang/invoke/MethodHandles$Lookup;Ljava/lang/String;Ljava/lang/invoke/MethodType;Ljava/lang/invoke/MethodType;Ljava/lang/invoke/MethodHandle;Ljava/lang/invoke/MethodType;)Ljava/lang/invoke/CallSite;"
                                          isInterface: CONST Boolean type=kotlin.Boolean value=false
                                        bootstrapMethodArguments: VARARG type=kotlin.Array<kotlin.Any> varargElementType=kotlin.Any
                                          CALL 'public final fun <jvm-original-method-type> (method: kotlin.Any): kotlin.Any declared in kotlin.jvm.internal' type=kotlin.Any origin=null
                                            method: RAW_FUNCTION_REFERENCE 'public abstract fun invoke (p1: P1 of kotlin.Function1): R of kotlin.Function1 [operator] declared in kotlin.Function1' type=kotlin.Any
                                          RAW_FUNCTION_REFERENCE 'private final fun invokeSuspend$lambda$2 ($$this$LaunchedEffect: kotlinx.coroutines.CoroutineScope, $currentLocation$delegate: androidx.compose.runtime.MutableState<android.location.Location?>, $context: android.content.Context, location: @[FlexibleNullability] android.location.Location?): kotlin.Unit? declared in com.pkmkc.spectragrow.story.ui.AddStoryFragmentKt.AddStoryScreen.<no name provided>' type=kotlin.Any
                                          CALL 'public final fun <jvm-original-method-type> (method: kotlin.Any): kotlin.Any declared in kotlin.jvm.internal' type=kotlin.Any origin=null
                                            method: RAW_FUNCTION_REFERENCE 'public abstract fun invoke (p1: @[FlexibleNullability] android.location.Location?): kotlin.Unit? [fake_override,operator] declared in kotlin.jvm.internal.invokeDynamic.<fake>' type=kotlin.Any
                                COMPOSITE type=kotlin.Unit origin=null
                                CALL 'public final fun <jvm-indy> <T> (dynamicCall: T of kotlin.jvm.internal.<jvm-indy>, bootstrapMethodHandle: kotlin.Any, vararg bootstrapMethodArguments: kotlin.Any): T of kotlin.jvm.internal.<jvm-indy> declared in kotlin.jvm.internal' type=com.google.android.gms.tasks.OnSuccessListener<kotlin.Any?> origin=null
                                  <T>: com.google.android.gms.tasks.OnSuccessListener<kotlin.Any?>
                                  dynamicCall: CALL 'public final fun onSuccess (p0: kotlin.Function1<kotlin.Any?, kotlin.Unit>): com.google.android.gms.tasks.OnSuccessListener<kotlin.Any?> declared in kotlin.jvm.internal.invokeDynamic' type=com.google.android.gms.tasks.OnSuccessListener<kotlin.Any?> origin=null
                                    p0: GET_VAR 'val tmp0: kotlin.Function1<kotlin.Any?, kotlin.Unit> [val] declared in com.pkmkc.spectragrow.story.ui.AddStoryFragmentKt.AddStoryScreen.<no name provided>.invokeSuspend' type=kotlin.Function1<kotlin.Any?, kotlin.Unit> origin=null
                                  bootstrapMethodHandle: CALL 'public final fun <jvm-method-handle> (tag: kotlin.Int, owner: kotlin.String, name: kotlin.String, descriptor: kotlin.String, isInterface: kotlin.Boolean): kotlin.Any declared in kotlin.jvm.internal' type=kotlin.Any origin=null
                                    tag: CONST Int type=kotlin.Int value=6
                                    owner: CONST String type=kotlin.String value="java/lang/invoke/LambdaMetafactory"
                                    name: CONST String type=kotlin.String value="metafactory"
                                    descriptor: CONST String type=kotlin.String value="(Ljava/lang/invoke/MethodHandles$Lookup;Ljava/lang/String;Ljava/lang/invoke/MethodType;Ljava/lang/invoke/MethodType;Ljava/lang/invoke/MethodHandle;Ljava/lang/invoke/MethodType;)Ljava/lang/invoke/CallSite;"
                                    isInterface: CONST Boolean type=kotlin.Boolean value=false
                                  bootstrapMethodArguments: VARARG type=kotlin.Array<kotlin.Any> varargElementType=kotlin.Any
                                    CALL 'public final fun <jvm-original-method-type> (method: kotlin.Any): kotlin.Any declared in kotlin.jvm.internal' type=kotlin.Any origin=null
                                      method: RAW_FUNCTION_REFERENCE 'public abstract fun onSuccess (p0: @[FlexibleNullability] TResult of com.google.android.gms.tasks.OnSuccessListener?): kotlin.Unit declared in com.google.android.gms.tasks.OnSuccessListener' type=kotlin.Any
                                    RAW_FUNCTION_REFERENCE 'private final fun invokeSuspend$lambda$3 ($tmp0: kotlin.Function1<kotlin.Any?, kotlin.Unit>, p0: @[FlexibleNullability] kotlin.Any?): kotlin.Unit declared in com.pkmkc.spectragrow.story.ui.AddStoryFragmentKt.AddStoryScreen.<no name provided>' type=kotlin.Any
                                    CALL 'public final fun <jvm-original-method-type> (method: kotlin.Any): kotlin.Any declared in kotlin.jvm.internal' type=kotlin.Any origin=null
                                      method: RAW_FUNCTION_REFERENCE 'public abstract fun onSuccess (p0: @[FlexibleNullability] kotlin.Any?): kotlin.Unit [fake_override] declared in kotlin.jvm.internal.invokeDynamic.<fake>' type=kotlin.Any
                          COMPOSITE type=kotlin.Unit origin=null
                BRANCH
                  if: CONST Boolean type=kotlin.Boolean value=true
                  then: BLOCK type=kotlin.Unit origin=null
                    CALL 'public abstract fun launchPermissionRequest (): kotlin.Unit declared in com.google.accompanist.permissions.PermissionState' type=kotlin.Unit origin=null
                      $this: GET_FIELD 'FIELD FIELD_FOR_CAPTURED_VALUE name:$locationPermissionState type:com.google.accompanist.permissions.PermissionState visibility:public/*package*/ [final]' type=com.google.accompanist.permissions.PermissionState origin=null
                        receiver: GET_VAR '<this>: com.pkmkc.spectragrow.story.ui.AddStoryFragmentKt.AddStoryScreen.<no name provided> declared in com.pkmkc.spectragrow.story.ui.AddStoryFragmentKt.AddStoryScreen.<no name provided>.invokeSuspend' type=com.pkmkc.spectragrow.story.ui.AddStoryFragmentKt.AddStoryScreen.<no name provided> origin=null
              WHEN type=kotlin.Unit origin=IF
                BRANCH
                  if: CALL 'public final fun not (): kotlin.Boolean [operator] declared in kotlin.Boolean' type=kotlin.Boolean origin=null
                    $this: CALL 'public final fun <get-isGranted> (): kotlin.Boolean declared in com.google.accompanist.permissions.PermissionsUtilKt' type=kotlin.Boolean origin=GET_PROPERTY
                      $receiver: CALL 'public abstract fun <get-status> (): com.google.accompanist.permissions.PermissionStatus declared in com.google.accompanist.permissions.PermissionState' type=com.google.accompanist.permissions.PermissionStatus origin=GET_PROPERTY
                        $this: GET_FIELD 'FIELD FIELD_FOR_CAPTURED_VALUE name:$cameraPermissionState type:com.google.accompanist.permissions.PermissionState visibility:public/*package*/ [final]' type=com.google.accompanist.permissions.PermissionState origin=null
                          receiver: GET_VAR '<this>: com.pkmkc.spectragrow.story.ui.AddStoryFragmentKt.AddStoryScreen.<no name provided> declared in com.pkmkc.spectragrow.story.ui.AddStoryFragmentKt.AddStoryScreen.<no name provided>.invokeSuspend' type=com.pkmkc.spectragrow.story.ui.AddStoryFragmentKt.AddStoryScreen.<no name provided> origin=null
                  then: BLOCK type=kotlin.Unit origin=null
                    CALL 'public abstract fun launchPermissionRequest (): kotlin.Unit declared in com.google.accompanist.permissions.PermissionState' type=kotlin.Unit origin=null
                      $this: GET_FIELD 'FIELD FIELD_FOR_CAPTURED_VALUE name:$cameraPermissionState type:com.google.accompanist.permissions.PermissionState visibility:public/*package*/ [final]' type=com.google.accompanist.permissions.PermissionState origin=null
                        receiver: GET_VAR '<this>: com.pkmkc.spectragrow.story.ui.AddStoryFragmentKt.AddStoryScreen.<no name provided> declared in com.pkmkc.spectragrow.story.ui.AddStoryFragmentKt.AddStoryScreen.<no name provided>.invokeSuspend' type=com.pkmkc.spectragrow.story.ui.AddStoryFragmentKt.AddStoryScreen.<no name provided> origin=null
          FUN name:create visibility:public modality:FINAL <> ($this:com.pkmkc.spectragrow.story.ui.AddStoryFragmentKt.AddStoryScreen.<no name provided>, value:kotlin.Any?, $completion:kotlin.coroutines.Continuation<kotlin.Nothing>) returnType:kotlin.coroutines.Continuation<kotlin.Unit>
            overridden:
              public open fun create (value: kotlin.Any?, $completion: kotlin.coroutines.Continuation<kotlin.Nothing>): kotlin.coroutines.Continuation<kotlin.Unit> declared in kotlin.coroutines.jvm.internal.SuspendLambda
            $this: VALUE_PARAMETER INSTANCE_RECEIVER name:<this> type:com.pkmkc.spectragrow.story.ui.AddStoryFragmentKt.AddStoryScreen.<no name provided>
            VALUE_PARAMETER name:value index:0 type:kotlin.Any?
            VALUE_PARAMETER name:$completion index:1 type:kotlin.coroutines.Continuation<kotlin.Nothing>
            BLOCK_BODY
              VAR IR_TEMPORARY_VARIABLE name:tmp0_result type:com.pkmkc.spectragrow.story.ui.AddStoryFragmentKt.AddStoryScreen.<no name provided> [val]
                CONSTRUCTOR_CALL 'public/*package*/ constructor <init> ($locationPermissionState: com.google.accompanist.permissions.PermissionState, $context: android.content.Context, $fusedLocationClient: com.google.android.gms.location.FusedLocationProviderClient, $cameraPermissionState: com.google.accompanist.permissions.PermissionState, $currentLocation$delegate: androidx.compose.runtime.MutableState<android.location.Location?>, $completion: kotlin.coroutines.Continuation<com.pkmkc.spectragrow.story.ui.AddStoryFragmentKt.AddStoryScreen.<no name provided>>?) [primary] declared in com.pkmkc.spectragrow.story.ui.AddStoryFragmentKt.AddStoryScreen.<no name provided>' type=com.pkmkc.spectragrow.story.ui.AddStoryFragmentKt.AddStoryScreen.<no name provided> origin=null
                  $locationPermissionState: GET_FIELD 'FIELD FIELD_FOR_CAPTURED_VALUE name:$locationPermissionState type:com.google.accompanist.permissions.PermissionState visibility:public/*package*/ [final]' type=com.google.accompanist.permissions.PermissionState origin=null
                    receiver: GET_VAR '<this>: com.pkmkc.spectragrow.story.ui.AddStoryFragmentKt.AddStoryScreen.<no name provided> declared in com.pkmkc.spectragrow.story.ui.AddStoryFragmentKt.AddStoryScreen.<no name provided>.create' type=com.pkmkc.spectragrow.story.ui.AddStoryFragmentKt.AddStoryScreen.<no name provided> origin=null
                  $context: GET_FIELD 'FIELD FIELD_FOR_CAPTURED_VALUE name:$context type:android.content.Context visibility:public/*package*/ [final]' type=android.content.Context origin=null
                    receiver: GET_VAR '<this>: com.pkmkc.spectragrow.story.ui.AddStoryFragmentKt.AddStoryScreen.<no name provided> declared in com.pkmkc.spectragrow.story.ui.AddStoryFragmentKt.AddStoryScreen.<no name provided>.create' type=com.pkmkc.spectragrow.story.ui.AddStoryFragmentKt.AddStoryScreen.<no name provided> origin=null
                  $fusedLocationClient: GET_FIELD 'FIELD FIELD_FOR_CAPTURED_VALUE name:$fusedLocationClient type:com.google.android.gms.location.FusedLocationProviderClient visibility:public/*package*/ [final]' type=com.google.android.gms.location.FusedLocationProviderClient origin=null
                    receiver: GET_VAR '<this>: com.pkmkc.spectragrow.story.ui.AddStoryFragmentKt.AddStoryScreen.<no name provided> declared in com.pkmkc.spectragrow.story.ui.AddStoryFragmentKt.AddStoryScreen.<no name provided>.create' type=com.pkmkc.spectragrow.story.ui.AddStoryFragmentKt.AddStoryScreen.<no name provided> origin=null
                  $cameraPermissionState: GET_FIELD 'FIELD FIELD_FOR_CAPTURED_VALUE name:$cameraPermissionState type:com.google.accompanist.permissions.PermissionState visibility:public/*package*/ [final]' type=com.google.accompanist.permissions.PermissionState origin=null
                    receiver: GET_VAR '<this>: com.pkmkc.spectragrow.story.ui.AddStoryFragmentKt.AddStoryScreen.<no name provided> declared in com.pkmkc.spectragrow.story.ui.AddStoryFragmentKt.AddStoryScreen.<no name provided>.create' type=com.pkmkc.spectragrow.story.ui.AddStoryFragmentKt.AddStoryScreen.<no name provided> origin=null
                  $currentLocation$delegate: GET_FIELD 'FIELD FIELD_FOR_CAPTURED_VALUE name:$currentLocation$delegate type:androidx.compose.runtime.MutableState<android.location.Location?> visibility:public/*package*/ [final]' type=androidx.compose.runtime.MutableState<android.location.Location?> origin=null
                    receiver: GET_VAR '<this>: com.pkmkc.spectragrow.story.ui.AddStoryFragmentKt.AddStoryScreen.<no name provided> declared in com.pkmkc.spectragrow.story.ui.AddStoryFragmentKt.AddStoryScreen.<no name provided>.create' type=com.pkmkc.spectragrow.story.ui.AddStoryFragmentKt.AddStoryScreen.<no name provided> origin=null
                  $completion: GET_VAR '$completion: kotlin.coroutines.Continuation<kotlin.Nothing> declared in com.pkmkc.spectragrow.story.ui.AddStoryFragmentKt.AddStoryScreen.<no name provided>.create' type=kotlin.coroutines.Continuation<kotlin.Nothing> origin=null
              SET_FIELD 'FIELD FIELD_FOR_CAPTURED_VALUE name:L$0 type:kotlin.Any? visibility:private' type=kotlin.Unit origin=null
                receiver: GET_VAR 'val tmp0_result: com.pkmkc.spectragrow.story.ui.AddStoryFragmentKt.AddStoryScreen.<no name provided> [val] declared in com.pkmkc.spectragrow.story.ui.AddStoryFragmentKt.AddStoryScreen.<no name provided>.create' type=com.pkmkc.spectragrow.story.ui.AddStoryFragmentKt.AddStoryScreen.<no name provided> origin=null
                value: GET_VAR 'value: kotlin.Any? declared in com.pkmkc.spectragrow.story.ui.AddStoryFragmentKt.AddStoryScreen.<no name provided>.create' type=kotlin.Any? origin=null
              RETURN type=kotlin.Nothing from='public final fun create (value: kotlin.Any?, $completion: kotlin.coroutines.Continuation<kotlin.Nothing>): kotlin.coroutines.Continuation<kotlin.Unit> declared in com.pkmkc.spectragrow.story.ui.AddStoryFragmentKt.AddStoryScreen.<no name provided>'
                GET_VAR 'val tmp0_result: com.pkmkc.spectragrow.story.ui.AddStoryFragmentKt.AddStoryScreen.<no name provided> [val] declared in com.pkmkc.spectragrow.story.ui.AddStoryFragmentKt.AddStoryScreen.<no name provided>.create' type=com.pkmkc.spectragrow.story.ui.AddStoryFragmentKt.AddStoryScreen.<no name provided> origin=null
          FUN name:invoke visibility:public modality:FINAL <> ($this:com.pkmkc.spectragrow.story.ui.AddStoryFragmentKt.AddStoryScreen.<no name provided>, p1:kotlinx.coroutines.CoroutineScope, p2:kotlin.coroutines.Continuation<kotlin.Unit>?) returnType:kotlin.Any?
            overridden:
              public abstract fun invoke (p1: P1 of kotlin.jvm.functions.Function2, p2: P2 of kotlin.jvm.functions.Function2): R of kotlin.jvm.functions.Function2 declared in kotlin.jvm.functions.Function2
            $this: VALUE_PARAMETER INSTANCE_RECEIVER name:<this> type:com.pkmkc.spectragrow.story.ui.AddStoryFragmentKt.AddStoryScreen.<no name provided>
            VALUE_PARAMETER name:p1 index:0 type:kotlinx.coroutines.CoroutineScope
            VALUE_PARAMETER name:p2 index:1 type:kotlin.coroutines.Continuation<kotlin.Unit>?
            BLOCK_BODY
              RETURN type=kotlin.Nothing from='public final fun invoke (p1: kotlinx.coroutines.CoroutineScope, p2: kotlin.coroutines.Continuation<kotlin.Unit>?): kotlin.Any? declared in com.pkmkc.spectragrow.story.ui.AddStoryFragmentKt.AddStoryScreen.<no name provided>'
                CALL 'public final fun invokeSuspend ($result: kotlin.Result<kotlin.Any?>): kotlin.Any? declared in com.pkmkc.spectragrow.story.ui.AddStoryFragmentKt.AddStoryScreen.<no name provided>' type=kotlin.Any? origin=null
                  $this: TYPE_OP type=com.pkmkc.spectragrow.story.ui.AddStoryFragmentKt.AddStoryScreen.<no name provided> origin=IMPLICIT_CAST typeOperand=com.pkmkc.spectragrow.story.ui.AddStoryFragmentKt.AddStoryScreen.<no name provided>
                    CALL 'public final fun create (value: kotlin.Any?, $completion: kotlin.coroutines.Continuation<kotlin.Nothing>): kotlin.coroutines.Continuation<kotlin.Unit> declared in com.pkmkc.spectragrow.story.ui.AddStoryFragmentKt.AddStoryScreen.<no name provided>' type=kotlin.coroutines.Continuation<kotlin.Unit> origin=null
                      $this: GET_VAR '<this>: com.pkmkc.spectragrow.story.ui.AddStoryFragmentKt.AddStoryScreen.<no name provided> declared in com.pkmkc.spectragrow.story.ui.AddStoryFragmentKt.AddStoryScreen.<no name provided>.invoke' type=com.pkmkc.spectragrow.story.ui.AddStoryFragmentKt.AddStoryScreen.<no name provided> origin=null
                      value: GET_VAR 'p1: kotlinx.coroutines.CoroutineScope declared in com.pkmkc.spectragrow.story.ui.AddStoryFragmentKt.AddStoryScreen.<no name provided>.invoke' type=kotlinx.coroutines.CoroutineScope origin=null
                      $completion: GET_VAR 'p2: kotlin.coroutines.Continuation<kotlin.Unit>? declared in com.pkmkc.spectragrow.story.ui.AddStoryFragmentKt.AddStoryScreen.<no name provided>.invoke' type=kotlin.coroutines.Continuation<kotlin.Unit>? origin=null
                  $result: CALL 'public final fun <unsafe-coerce> <T, R> (v: T of kotlin.jvm.internal.<unsafe-coerce>): R of kotlin.jvm.internal.<unsafe-coerce> declared in kotlin.jvm.internal' type=kotlin.Result<kotlin.Any?> origin=null
                    <T>: kotlin.Any?
                    <R>: kotlin.Result<kotlin.Any?>
                    v: GET_FIELD 'FIELD FIELD_FOR_OBJECT_INSTANCE name:INSTANCE type:kotlin.Unit visibility:public [final,static]' type=kotlin.Unit origin=null
          FIELD FIELD_FOR_CAPTURED_VALUE name:$locationPermissionState type:com.google.accompanist.permissions.PermissionState visibility:public/*package*/ [final]
          FIELD FIELD_FOR_CAPTURED_VALUE name:$context type:android.content.Context visibility:public/*package*/ [final]
          FIELD FIELD_FOR_CAPTURED_VALUE name:$fusedLocationClient type:com.google.android.gms.location.FusedLocationProviderClient visibility:public/*package*/ [final]
          FIELD FIELD_FOR_CAPTURED_VALUE name:$cameraPermissionState type:com.google.accompanist.permissions.PermissionState visibility:public/*package*/ [final]
          FIELD FIELD_FOR_CAPTURED_VALUE name:$currentLocation$delegate type:androidx.compose.runtime.MutableState<android.location.Location?> visibility:public/*package*/ [final]
          FUN INLINE_LAMBDA name:invokeSuspend$lambda$2$lambda$0 visibility:private modality:FINAL <> ($currentLocation$delegate:androidx.compose.runtime.MutableState<android.location.Location?>, it:android.location.Location) returnType:kotlin.Unit
            VALUE_PARAMETER BOUND_VALUE_PARAMETER name:$currentLocation$delegate index:0 type:androidx.compose.runtime.MutableState<android.location.Location?>
            VALUE_PARAMETER name:it index:1 type:android.location.Location
            BLOCK_BODY
              VAR name:$i$a$-let-AddStoryFragmentKt$AddStoryScreen$1$1$1 type:kotlin.Int [val]
                CONST Int type=kotlin.Int value=0
              CALL 'public final fun access$AddStoryScreen$lambda$14 ($currentLocation$delegate: androidx.compose.runtime.MutableState<android.location.Location?>, <set-?>: android.location.Location?): kotlin.Unit declared in com.pkmkc.spectragrow.story.ui.AddStoryFragmentKt' type=kotlin.Unit origin=EQ
                $currentLocation$delegate: GET_VAR '$currentLocation$delegate: androidx.compose.runtime.MutableState<android.location.Location?> declared in com.pkmkc.spectragrow.story.ui.AddStoryFragmentKt.AddStoryScreen.<no name provided>.invokeSuspend$lambda$2$lambda$0' type=androidx.compose.runtime.MutableState<android.location.Location?> origin=null
                <set-?>: GET_VAR 'it: android.location.Location declared in com.pkmkc.spectragrow.story.ui.AddStoryFragmentKt.AddStoryScreen.<no name provided>.invokeSuspend$lambda$2$lambda$0' type=android.location.Location origin=null
          FUN INLINE_LAMBDA name:invokeSuspend$lambda$2$lambda$1 visibility:private modality:FINAL <> ($receiver:kotlinx.coroutines.CoroutineScope, $context:android.content.Context) returnType:kotlin.Unit
            $receiver: VALUE_PARAMETER name:$this$run type:kotlinx.coroutines.CoroutineScope
            VALUE_PARAMETER BOUND_VALUE_PARAMETER name:$context index:0 type:android.content.Context
            BLOCK_BODY
              VAR name:$i$a$-run-AddStoryFragmentKt$AddStoryScreen$1$1$2 type:kotlin.Int [val]
                CONST Int type=kotlin.Int value=0
              CALL 'public open fun show (): kotlin.Unit declared in android.widget.Toast' type=kotlin.Unit origin=null
                $this: CALL 'public open fun makeText (p0: @[FlexibleNullability] android.content.Context?, p1: @[FlexibleNullability] kotlin.CharSequence?, p2: kotlin.Int): @[FlexibleNullability] android.widget.Toast? declared in android.widget.Toast' type=@[FlexibleNullability] android.widget.Toast? origin=null
                  p0: GET_VAR '$context: android.content.Context declared in com.pkmkc.spectragrow.story.ui.AddStoryFragmentKt.AddStoryScreen.<no name provided>.invokeSuspend$lambda$2$lambda$1' type=android.content.Context origin=null
                  p1: CONST String type=kotlin.String value="Failed to get location"
                  p2: CONST Int type=kotlin.Int value=0
          FUN LOCAL_FUNCTION_FOR_LAMBDA name:invokeSuspend$lambda$2 visibility:private modality:FINAL <> ($$this$LaunchedEffect:kotlinx.coroutines.CoroutineScope, $currentLocation$delegate:androidx.compose.runtime.MutableState<android.location.Location?>, $context:android.content.Context, location:@[FlexibleNullability] android.location.Location?) returnType:kotlin.Unit?
            VALUE_PARAMETER BOUND_VALUE_PARAMETER name:$$this$LaunchedEffect index:0 type:kotlinx.coroutines.CoroutineScope
            VALUE_PARAMETER BOUND_VALUE_PARAMETER name:$currentLocation$delegate index:1 type:androidx.compose.runtime.MutableState<android.location.Location?>
            VALUE_PARAMETER BOUND_VALUE_PARAMETER name:$context index:2 type:android.content.Context
            VALUE_PARAMETER name:location index:3 type:@[FlexibleNullability] android.location.Location?
            BLOCK_BODY
              BLOCK type=kotlin.Unit origin=FOLDED_ELVIS
                WHEN type=kotlin.Unit origin=FOLDED_ELVIS
                  BRANCH
                    if: CALL 'public final fun ANDAND (arg0: kotlin.Boolean, arg1: kotlin.Boolean): kotlin.Boolean declared in kotlin.internal.ir' type=kotlin.Boolean origin=null
                      arg0: COMPOSITE type=kotlin.Boolean origin=null
                        CALL 'public final fun not (): kotlin.Boolean [operator] declared in kotlin.Boolean' type=kotlin.Boolean origin=null
                          $this: CALL 'public final fun EQEQ (arg0: kotlin.Any?, arg1: kotlin.Any?): kotlin.Boolean declared in kotlin.internal.ir' type=kotlin.Boolean origin=null
                            arg0: GET_VAR 'location: @[FlexibleNullability] android.location.Location? declared in com.pkmkc.spectragrow.story.ui.AddStoryFragmentKt.AddStoryScreen.<no name provided>.invokeSuspend$lambda$2' type=@[FlexibleNullability] android.location.Location? origin=null
                            arg1: CONST Null type=kotlin.Nothing? value=null
                      arg1: COMPOSITE type=kotlin.Boolean origin=null
                        VAR IR_TEMPORARY_VARIABLE name:tmp0_elvis_lhs type:kotlin.Unit [val]
                          CALL 'public final fun let <T, R> (block: kotlin.Function1<T of kotlin.StandardKt.let, R of kotlin.StandardKt.let>): R of kotlin.StandardKt.let [inline] declared in kotlin.StandardKt' type=kotlin.Unit origin=null
                            <T>: android.location.Location
                            <R>: kotlin.Unit
                            $receiver: GET_VAR 'location: @[FlexibleNullability] android.location.Location? declared in com.pkmkc.spectragrow.story.ui.AddStoryFragmentKt.AddStoryScreen.<no name provided>.invokeSuspend$lambda$2' type=@[FlexibleNullability] android.location.Location? origin=null
                            block: BLOCK type=kotlin.Function1<android.location.Location, kotlin.Unit> origin=LAMBDA
                              COMPOSITE type=kotlin.Unit origin=null
                              FUNCTION_REFERENCE 'private final fun invokeSuspend$lambda$2$lambda$0 ($currentLocation$delegate: androidx.compose.runtime.MutableState<android.location.Location?>, it: android.location.Location): kotlin.Unit declared in com.pkmkc.spectragrow.story.ui.AddStoryFragmentKt.AddStoryScreen.<no name provided>' type=kotlin.Function1<android.location.Location, kotlin.Unit> origin=INLINE_LAMBDA reflectionTarget=null
                                $currentLocation$delegate: GET_VAR '$currentLocation$delegate: androidx.compose.runtime.MutableState<android.location.Location?> declared in com.pkmkc.spectragrow.story.ui.AddStoryFragmentKt.AddStoryScreen.<no name provided>.invokeSuspend$lambda$2' type=androidx.compose.runtime.MutableState<android.location.Location?> origin=null
                        CALL 'public final fun not (): kotlin.Boolean [operator] declared in kotlin.Boolean' type=kotlin.Boolean origin=null
                          $this: CALL 'public final fun EQEQ (arg0: kotlin.Any?, arg1: kotlin.Any?): kotlin.Boolean declared in kotlin.internal.ir' type=kotlin.Boolean origin=null
                            arg0: GET_VAR 'val tmp0_elvis_lhs: kotlin.Unit [val] declared in com.pkmkc.spectragrow.story.ui.AddStoryFragmentKt.AddStoryScreen.<no name provided>.invokeSuspend$lambda$2' type=kotlin.Unit origin=null
                            arg1: CONST Null type=kotlin.Nothing? value=null
                    then: GET_VAR 'val tmp0_elvis_lhs: kotlin.Unit [val] declared in com.pkmkc.spectragrow.story.ui.AddStoryFragmentKt.AddStoryScreen.<no name provided>.invokeSuspend$lambda$2' type=kotlin.Unit origin=null
                  BRANCH
                    if: CONST Boolean type=kotlin.Boolean value=true
                    then: CALL 'public final fun run <T, R> (block: @[ExtensionFunctionType] kotlin.Function1<T of kotlin.StandardKt.run, R of kotlin.StandardKt.run>): R of kotlin.StandardKt.run [inline] declared in kotlin.StandardKt' type=kotlin.Unit origin=null
                      <T>: kotlinx.coroutines.CoroutineScope
                      <R>: kotlin.Unit
                      $receiver: GET_VAR '$$this$LaunchedEffect: kotlinx.coroutines.CoroutineScope declared in com.pkmkc.spectragrow.story.ui.AddStoryFragmentKt.AddStoryScreen.<no name provided>.invokeSuspend$lambda$2' type=kotlinx.coroutines.CoroutineScope origin=null
                      block: BLOCK type=@[ExtensionFunctionType] kotlin.Function1<kotlinx.coroutines.CoroutineScope, kotlin.Unit> origin=LAMBDA
                        COMPOSITE type=kotlin.Unit origin=null
                        FUNCTION_REFERENCE 'private final fun invokeSuspend$lambda$2$lambda$1 ($context: android.content.Context): kotlin.Unit declared in com.pkmkc.spectragrow.story.ui.AddStoryFragmentKt.AddStoryScreen.<no name provided>' type=@[ExtensionFunctionType] kotlin.Function1<kotlinx.coroutines.CoroutineScope, kotlin.Unit> origin=INLINE_LAMBDA reflectionTarget=null
                          $context: GET_VAR '$context: android.content.Context declared in com.pkmkc.spectragrow.story.ui.AddStoryFragmentKt.AddStoryScreen.<no name provided>.invokeSuspend$lambda$2' type=android.content.Context origin=null
          FUN LOCAL_FUNCTION_FOR_LAMBDA name:invokeSuspend$lambda$3 visibility:private modality:FINAL <> ($tmp0:kotlin.Function1<kotlin.Any?, kotlin.Unit>, p0:@[FlexibleNullability] kotlin.Any?) returnType:kotlin.Unit
            VALUE_PARAMETER BOUND_VALUE_PARAMETER name:$tmp0 index:0 type:kotlin.Function1<kotlin.Any?, kotlin.Unit>
            VALUE_PARAMETER name:p0 index:1 type:@[FlexibleNullability] kotlin.Any?
            BLOCK_BODY
              RETURN type=kotlin.Nothing from='private final fun invokeSuspend$lambda$3 ($tmp0: kotlin.Function1<kotlin.Any?, kotlin.Unit>, p0: @[FlexibleNullability] kotlin.Any?): kotlin.Unit declared in com.pkmkc.spectragrow.story.ui.AddStoryFragmentKt.AddStoryScreen.<no name provided>'
                CALL 'public abstract fun invoke (p1: P1 of kotlin.Function1): R of kotlin.Function1 [operator] declared in kotlin.Function1' type=R of kotlin.Function1 origin=null
                  $this: TYPE_OP type=kotlin.Function1 origin=IMPLICIT_CAST typeOperand=kotlin.Function1
                    GET_VAR '$tmp0: kotlin.Function1<kotlin.Any?, kotlin.Unit> declared in com.pkmkc.spectragrow.story.ui.AddStoryFragmentKt.AddStoryScreen.<no name provided>.invokeSuspend$lambda$3' type=kotlin.Function1<kotlin.Any?, kotlin.Unit> origin=null
                  p1: GET_VAR 'p0: @[FlexibleNullability] kotlin.Any? declared in com.pkmkc.spectragrow.story.ui.AddStoryFragmentKt.AddStoryScreen.<no name provided>.invokeSuspend$lambda$3' type=@[FlexibleNullability] kotlin.Any? origin=null
          FUN BRIDGE name:invoke visibility:public modality:OPEN <> ($this:com.pkmkc.spectragrow.story.ui.AddStoryFragmentKt.AddStoryScreen.<no name provided>, p1:kotlin.Any?, p2:kotlin.Any?) returnType:kotlin.Any?
            $this: VALUE_PARAMETER INSTANCE_RECEIVER name:<this> type:com.pkmkc.spectragrow.story.ui.AddStoryFragmentKt.AddStoryScreen.<no name provided>
            VALUE_PARAMETER BRIDGE name:p1 index:0 type:kotlin.Any?
            VALUE_PARAMETER BRIDGE name:p2 index:1 type:kotlin.Any?
            EXPRESSION_BODY
              RETURN type=kotlin.Nothing from='public open fun invoke (p1: kotlin.Any?, p2: kotlin.Any?): kotlin.Any? declared in com.pkmkc.spectragrow.story.ui.AddStoryFragmentKt.AddStoryScreen.<no name provided>'
                CALL 'public final fun invoke (p1: kotlinx.coroutines.CoroutineScope, p2: kotlin.coroutines.Continuation<kotlin.Unit>?): kotlin.Any? declared in com.pkmkc.spectragrow.story.ui.AddStoryFragmentKt.AddStoryScreen.<no name provided>' type=kotlin.Any? origin=BRIDGE_DELEGATION
                  $this: GET_VAR '<this>: com.pkmkc.spectragrow.story.ui.AddStoryFragmentKt.AddStoryScreen.<no name provided> declared in com.pkmkc.spectragrow.story.ui.AddStoryFragmentKt.AddStoryScreen.<no name provided>.invoke' type=com.pkmkc.spectragrow.story.ui.AddStoryFragmentKt.AddStoryScreen.<no name provided> origin=null
                  p1: TYPE_OP type=kotlinx.coroutines.CoroutineScope origin=IMPLICIT_CAST typeOperand=kotlinx.coroutines.CoroutineScope
                    GET_VAR 'p1: kotlin.Any? declared in com.pkmkc.spectragrow.story.ui.AddStoryFragmentKt.AddStoryScreen.<no name provided>.invoke' type=kotlin.Any? origin=null
                  p2: TYPE_OP type=kotlin.coroutines.Continuation<*> origin=IMPLICIT_CAST typeOperand=kotlin.coroutines.Continuation<*>
                    GET_VAR 'p2: kotlin.Any? declared in com.pkmkc.spectragrow.story.ui.AddStoryFragmentKt.AddStoryScreen.<no name provided>.invoke' type=kotlin.Any? origin=null
        CONSTRUCTOR_CALL 'public/*package*/ constructor <init> ($locationPermissionState: com.google.accompanist.permissions.PermissionState, $context: android.content.Context, $fusedLocationClient: com.google.android.gms.location.FusedLocationProviderClient, $cameraPermissionState: com.google.accompanist.permissions.PermissionState, $currentLocation$delegate: androidx.compose.runtime.MutableState<android.location.Location?>, $completion: kotlin.coroutines.Continuation<com.pkmkc.spectragrow.story.ui.AddStoryFragmentKt.AddStoryScreen.<no name provided>>?) [primary] declared in com.pkmkc.spectragrow.story.ui.AddStoryFragmentKt.AddStoryScreen.<no name provided>' type=com.pkmkc.spectragrow.story.ui.AddStoryFragmentKt.AddStoryScreen.<no name provided> origin=null
          $locationPermissionState: GET_VAR 'val locationPermissionState: com.google.accompanist.permissions.PermissionState [val] declared in com.pkmkc.spectragrow.story.ui.AddStoryFragmentKt.AddStoryScreen' type=com.google.accompanist.permissions.PermissionState origin=null
          $context: GET_VAR 'val context: android.content.Context [val] declared in com.pkmkc.spectragrow.story.ui.AddStoryFragmentKt.AddStoryScreen' type=android.content.Context origin=null
          $fusedLocationClient: GET_VAR 'val fusedLocationClient: com.google.android.gms.location.FusedLocationProviderClient [val] declared in com.pkmkc.spectragrow.story.ui.AddStoryFragmentKt.AddStoryScreen' type=com.google.android.gms.location.FusedLocationProviderClient origin=null
          $cameraPermissionState: GET_VAR 'val cameraPermissionState: com.google.accompanist.permissions.PermissionState [val] declared in com.pkmkc.spectragrow.story.ui.AddStoryFragmentKt.AddStoryScreen' type=com.google.accompanist.permissions.PermissionState origin=null
          $currentLocation$delegate: GET_VAR 'val currentLocation$delegate: androidx.compose.runtime.MutableState<android.location.Location?> [val] declared in com.pkmkc.spectragrow.story.ui.AddStoryFragmentKt.AddStoryScreen' type=androidx.compose.runtime.MutableState<android.location.Location?> origin=null
          $completion: CONST Null type=kotlin.Nothing? value=null
    VAR name:galleryLauncher type:androidx.activity.compose.ManagedActivityResultLauncher<kotlin.String, android.net.Uri?> [val]
      CALL 'public final fun rememberLauncherForActivityResult <I, O> (contract: androidx.activity.result.contract.ActivityResultContract<I of androidx.activity.compose.ActivityResultRegistryKt.rememberLauncherForActivityResult, O of androidx.activity.compose.ActivityResultRegistryKt.rememberLauncherForActivityResult>, onResult: kotlin.Function1<O of androidx.activity.compose.ActivityResultRegistryKt.rememberLauncherForActivityResult, kotlin.Unit>): androidx.activity.compose.ManagedActivityResultLauncher<I of androidx.activity.compose.ActivityResultRegistryKt.rememberLauncherForActivityResult, O of androidx.activity.compose.ActivityResultRegistryKt.rememberLauncherForActivityResult> declared in androidx.activity.compose.ActivityResultRegistryKt' type=androidx.activity.compose.ManagedActivityResultLauncher<kotlin.String, android.net.Uri?> origin=null
        <I>: kotlin.String
        <O>: android.net.Uri?
        contract: CONSTRUCTOR_CALL 'public constructor <init> () [primary] declared in androidx.activity.result.contract.ActivityResultContracts.GetContent' type=androidx.activity.result.contract.ActivityResultContracts.GetContent origin=null
        onResult: BLOCK type=kotlin.Function1<android.net.Uri?, kotlin.Unit> origin=LAMBDA
          COMPOSITE type=kotlin.Unit origin=null
          CALL 'public final fun <jvm-indy> <T> (dynamicCall: T of kotlin.jvm.internal.<jvm-indy>, bootstrapMethodHandle: kotlin.Any, vararg bootstrapMethodArguments: kotlin.Any): T of kotlin.jvm.internal.<jvm-indy> declared in kotlin.jvm.internal' type=kotlin.Function1<android.net.Uri?, kotlin.Unit> origin=null
            <T>: kotlin.Function1<android.net.Uri?, kotlin.Unit>
            dynamicCall: CALL 'public final fun invoke (p0: android.content.Context, p1: androidx.compose.runtime.MutableState<android.net.Uri?>): kotlin.Function1<android.net.Uri?, kotlin.Unit> declared in kotlin.jvm.internal.invokeDynamic' type=kotlin.Function1<android.net.Uri?, kotlin.Unit> origin=null
              p0: GET_VAR 'val context: android.content.Context [val] declared in com.pkmkc.spectragrow.story.ui.AddStoryFragmentKt.AddStoryScreen' type=android.content.Context origin=null
              p1: GET_VAR 'val imageUri$delegate: androidx.compose.runtime.MutableState<android.net.Uri?> [val] declared in com.pkmkc.spectragrow.story.ui.AddStoryFragmentKt.AddStoryScreen' type=androidx.compose.runtime.MutableState<android.net.Uri?> origin=null
            bootstrapMethodHandle: CALL 'public final fun <jvm-method-handle> (tag: kotlin.Int, owner: kotlin.String, name: kotlin.String, descriptor: kotlin.String, isInterface: kotlin.Boolean): kotlin.Any declared in kotlin.jvm.internal' type=kotlin.Any origin=null
              tag: CONST Int type=kotlin.Int value=6
              owner: CONST String type=kotlin.String value="java/lang/invoke/LambdaMetafactory"
              name: CONST String type=kotlin.String value="metafactory"
              descriptor: CONST String type=kotlin.String value="(Ljava/lang/invoke/MethodHandles$Lookup;Ljava/lang/String;Ljava/lang/invoke/MethodType;Ljava/lang/invoke/MethodType;Ljava/lang/invoke/MethodHandle;Ljava/lang/invoke/MethodType;)Ljava/lang/invoke/CallSite;"
              isInterface: CONST Boolean type=kotlin.Boolean value=false
            bootstrapMethodArguments: VARARG type=kotlin.Array<kotlin.Any> varargElementType=kotlin.Any
              CALL 'public final fun <jvm-original-method-type> (method: kotlin.Any): kotlin.Any declared in kotlin.jvm.internal' type=kotlin.Any origin=null
                method: RAW_FUNCTION_REFERENCE 'public abstract fun invoke (p1: P1 of kotlin.Function1): R of kotlin.Function1 [operator] declared in kotlin.Function1' type=kotlin.Any
              RAW_FUNCTION_REFERENCE 'private final fun AddStoryScreen$lambda$15 ($context: android.content.Context, $imageUri$delegate: androidx.compose.runtime.MutableState<android.net.Uri?>, uri: android.net.Uri?): kotlin.Unit? declared in com.pkmkc.spectragrow.story.ui.AddStoryFragmentKt' type=kotlin.Any
              CALL 'public final fun <jvm-original-method-type> (method: kotlin.Any): kotlin.Any declared in kotlin.jvm.internal' type=kotlin.Any origin=null
                method: RAW_FUNCTION_REFERENCE 'public abstract fun invoke (p1: android.net.Uri?): kotlin.Unit? [fake_override,operator] declared in kotlin.jvm.internal.invokeDynamic.<fake>' type=kotlin.Any
    VAR name:cameraLauncher type:androidx.activity.compose.ManagedActivityResultLauncher<java.lang.Void?, android.graphics.Bitmap?> [val]
      CALL 'public final fun rememberLauncherForActivityResult <I, O> (contract: androidx.activity.result.contract.ActivityResultContract<I of androidx.activity.compose.ActivityResultRegistryKt.rememberLauncherForActivityResult, O of androidx.activity.compose.ActivityResultRegistryKt.rememberLauncherForActivityResult>, onResult: kotlin.Function1<O of androidx.activity.compose.ActivityResultRegistryKt.rememberLauncherForActivityResult, kotlin.Unit>): androidx.activity.compose.ManagedActivityResultLauncher<I of androidx.activity.compose.ActivityResultRegistryKt.rememberLauncherForActivityResult, O of androidx.activity.compose.ActivityResultRegistryKt.rememberLauncherForActivityResult> declared in androidx.activity.compose.ActivityResultRegistryKt' type=androidx.activity.compose.ManagedActivityResultLauncher<java.lang.Void?, android.graphics.Bitmap?> origin=null
        <I>: java.lang.Void?
        <O>: android.graphics.Bitmap?
        contract: CONSTRUCTOR_CALL 'public constructor <init> () [primary] declared in androidx.activity.result.contract.ActivityResultContracts.TakePicturePreview' type=androidx.activity.result.contract.ActivityResultContracts.TakePicturePreview origin=null
        onResult: BLOCK type=kotlin.Function1<android.graphics.Bitmap?, kotlin.Unit> origin=LAMBDA
          COMPOSITE type=kotlin.Unit origin=null
          CALL 'public final fun <jvm-indy> <T> (dynamicCall: T of kotlin.jvm.internal.<jvm-indy>, bootstrapMethodHandle: kotlin.Any, vararg bootstrapMethodArguments: kotlin.Any): T of kotlin.jvm.internal.<jvm-indy> declared in kotlin.jvm.internal' type=kotlin.Function1<android.graphics.Bitmap?, kotlin.Unit> origin=null
            <T>: kotlin.Function1<android.graphics.Bitmap?, kotlin.Unit>
            dynamicCall: CALL 'public final fun invoke (p0: com.pkmkc.spectragrow.story.ui.StoryViewModel, p1: android.content.Context, p2: androidx.compose.runtime.MutableState<android.net.Uri?>): kotlin.Function1<android.graphics.Bitmap?, kotlin.Unit> declared in kotlin.jvm.internal.invokeDynamic' type=kotlin.Function1<android.graphics.Bitmap?, kotlin.Unit> origin=null
              p0: GET_VAR 'viewModel: com.pkmkc.spectragrow.story.ui.StoryViewModel declared in com.pkmkc.spectragrow.story.ui.AddStoryFragmentKt.AddStoryScreen' type=com.pkmkc.spectragrow.story.ui.StoryViewModel origin=null
              p1: GET_VAR 'val context: android.content.Context [val] declared in com.pkmkc.spectragrow.story.ui.AddStoryFragmentKt.AddStoryScreen' type=android.content.Context origin=null
              p2: GET_VAR 'val imageUri$delegate: androidx.compose.runtime.MutableState<android.net.Uri?> [val] declared in com.pkmkc.spectragrow.story.ui.AddStoryFragmentKt.AddStoryScreen' type=androidx.compose.runtime.MutableState<android.net.Uri?> origin=null
            bootstrapMethodHandle: CALL 'public final fun <jvm-method-handle> (tag: kotlin.Int, owner: kotlin.String, name: kotlin.String, descriptor: kotlin.String, isInterface: kotlin.Boolean): kotlin.Any declared in kotlin.jvm.internal' type=kotlin.Any origin=null
              tag: CONST Int type=kotlin.Int value=6
              owner: CONST String type=kotlin.String value="java/lang/invoke/LambdaMetafactory"
              name: CONST String type=kotlin.String value="metafactory"
              descriptor: CONST String type=kotlin.String value="(Ljava/lang/invoke/MethodHandles$Lookup;Ljava/lang/String;Ljava/lang/invoke/MethodType;Ljava/lang/invoke/MethodType;Ljava/lang/invoke/MethodHandle;Ljava/lang/invoke/MethodType;)Ljava/lang/invoke/CallSite;"
              isInterface: CONST Boolean type=kotlin.Boolean value=false
            bootstrapMethodArguments: VARARG type=kotlin.Array<kotlin.Any> varargElementType=kotlin.Any
              CALL 'public final fun <jvm-original-method-type> (method: kotlin.Any): kotlin.Any declared in kotlin.jvm.internal' type=kotlin.Any origin=null
                method: RAW_FUNCTION_REFERENCE 'public abstract fun invoke (p1: P1 of kotlin.Function1): R of kotlin.Function1 [operator] declared in kotlin.Function1' type=kotlin.Any
              RAW_FUNCTION_REFERENCE 'private final fun AddStoryScreen$lambda$16 ($viewModel: com.pkmkc.spectragrow.story.ui.StoryViewModel, $context: android.content.Context, $imageUri$delegate: androidx.compose.runtime.MutableState<android.net.Uri?>, bitmap: android.graphics.Bitmap?): kotlin.Unit? declared in com.pkmkc.spectragrow.story.ui.AddStoryFragmentKt' type=kotlin.Any
              CALL 'public final fun <jvm-original-method-type> (method: kotlin.Any): kotlin.Any declared in kotlin.jvm.internal' type=kotlin.Any origin=null
                method: RAW_FUNCTION_REFERENCE 'public abstract fun invoke (p1: android.graphics.Bitmap?): kotlin.Unit? [fake_override,operator] declared in kotlin.jvm.internal.invokeDynamic.<fake>' type=kotlin.Any
    CALL 'public final fun Scaffold-QMVK-b8$default (modifier: androidx.compose.ui.Modifier?, topBar: @[Composable] kotlin.Function0<kotlin.Unit>?, bottomBar: @[Composable] kotlin.Function0<kotlin.Unit>?, snackbarHost: @[Composable] kotlin.Function0<kotlin.Unit>?, floatingActionButton: @[Composable] kotlin.Function0<kotlin.Unit>?, floatingActionButtonPosition: androidx.compose.material3.FabPosition, containerColor: androidx.compose.ui.graphics.Color, contentColor: androidx.compose.ui.graphics.Color, contentWindowInsets: androidx.compose.foundation.layout.WindowInsets?, content: @[Composable] kotlin.Function1<androidx.compose.foundation.layout.PaddingValues, kotlin.Unit>, $mask0: kotlin.Int, $handler: kotlin.Any?): kotlin.Unit declared in androidx.compose.material3.ScaffoldKt' type=kotlin.Unit origin=DEFAULT_DISPATCH_CALL
      modifier: COMPOSITE type=androidx.compose.ui.Modifier? origin=DEFAULT_VALUE
        CONST Null type=androidx.compose.ui.Modifier? value=null
      topBar: BLOCK type=kotlin.Function0<kotlin.Unit> origin=LAMBDA
        COMPOSITE type=kotlin.Unit origin=null
        CALL 'public final fun <jvm-indy> <T> (dynamicCall: T of kotlin.jvm.internal.<jvm-indy>, bootstrapMethodHandle: kotlin.Any, vararg bootstrapMethodArguments: kotlin.Any): T of kotlin.jvm.internal.<jvm-indy> declared in kotlin.jvm.internal' type=kotlin.Function0<kotlin.Unit> origin=null
          <T>: kotlin.Function0<kotlin.Unit>
          dynamicCall: CALL 'public final fun invoke (): kotlin.Function0<kotlin.Unit> declared in kotlin.jvm.internal.invokeDynamic' type=kotlin.Function0<kotlin.Unit> origin=null
          bootstrapMethodHandle: CALL 'public final fun <jvm-method-handle> (tag: kotlin.Int, owner: kotlin.String, name: kotlin.String, descriptor: kotlin.String, isInterface: kotlin.Boolean): kotlin.Any declared in kotlin.jvm.internal' type=kotlin.Any origin=null
            tag: CONST Int type=kotlin.Int value=6
            owner: CONST String type=kotlin.String value="java/lang/invoke/LambdaMetafactory"
            name: CONST String type=kotlin.String value="metafactory"
            descriptor: CONST String type=kotlin.String value="(Ljava/lang/invoke/MethodHandles$Lookup;Ljava/lang/String;Ljava/lang/invoke/MethodType;Ljava/lang/invoke/MethodType;Ljava/lang/invoke/MethodHandle;Ljava/lang/invoke/MethodType;)Ljava/lang/invoke/CallSite;"
            isInterface: CONST Boolean type=kotlin.Boolean value=false
          bootstrapMethodArguments: VARARG type=kotlin.Array<kotlin.Any> varargElementType=kotlin.Any
            CALL 'public final fun <jvm-original-method-type> (method: kotlin.Any): kotlin.Any declared in kotlin.jvm.internal' type=kotlin.Any origin=null
              method: RAW_FUNCTION_REFERENCE 'public abstract fun invoke (): R of kotlin.Function0 [operator] declared in kotlin.Function0' type=kotlin.Any
            RAW_FUNCTION_REFERENCE 'private final fun AddStoryScreen$lambda$18 (): kotlin.Unit? declared in com.pkmkc.spectragrow.story.ui.AddStoryFragmentKt' type=kotlin.Any
            CALL 'public final fun <jvm-original-method-type> (method: kotlin.Any): kotlin.Any declared in kotlin.jvm.internal' type=kotlin.Any origin=null
              method: RAW_FUNCTION_REFERENCE 'public abstract fun invoke (): kotlin.Unit? [fake_override,operator] declared in kotlin.jvm.internal.invokeDynamic.<fake>' type=kotlin.Any
      bottomBar: COMPOSITE type=@[Composable] kotlin.Function0<kotlin.Unit>? origin=DEFAULT_VALUE
        CONST Null type=@[Composable] kotlin.Function0<kotlin.Unit>? value=null
      snackbarHost: COMPOSITE type=@[Composable] kotlin.Function0<kotlin.Unit>? origin=DEFAULT_VALUE
        CONST Null type=@[Composable] kotlin.Function0<kotlin.Unit>? value=null
      floatingActionButton: COMPOSITE type=@[Composable] kotlin.Function0<kotlin.Unit>? origin=DEFAULT_VALUE
        CONST Null type=@[Composable] kotlin.Function0<kotlin.Unit>? value=null
      floatingActionButtonPosition: COMPOSITE type=androidx.compose.material3.FabPosition origin=DEFAULT_VALUE
        CALL 'public final fun <unsafe-coerce> <T, R> (v: T of kotlin.jvm.internal.<unsafe-coerce>): R of kotlin.jvm.internal.<unsafe-coerce> declared in kotlin.jvm.internal' type=androidx.compose.material3.FabPosition origin=null
          <T>: kotlin.Int
          <R>: androidx.compose.material3.FabPosition
          v: CONST Int type=kotlin.Int value=0
      containerColor: COMPOSITE type=androidx.compose.ui.graphics.Color origin=DEFAULT_VALUE
        CALL 'public final fun <unsafe-coerce> <T, R> (v: T of kotlin.jvm.internal.<unsafe-coerce>): R of kotlin.jvm.internal.<unsafe-coerce> declared in kotlin.jvm.internal' type=androidx.compose.ui.graphics.Color origin=null
          <T>: kotlin.Long
          <R>: androidx.compose.ui.graphics.Color
          v: CONST Long type=kotlin.Long value=0
      contentColor: COMPOSITE type=androidx.compose.ui.graphics.Color origin=DEFAULT_VALUE
        CALL 'public final fun <unsafe-coerce> <T, R> (v: T of kotlin.jvm.internal.<unsafe-coerce>): R of kotlin.jvm.internal.<unsafe-coerce> declared in kotlin.jvm.internal' type=androidx.compose.ui.graphics.Color origin=null
          <T>: kotlin.Long
          <R>: androidx.compose.ui.graphics.Color
          v: CONST Long type=kotlin.Long value=0
      contentWindowInsets: COMPOSITE type=androidx.compose.foundation.layout.WindowInsets? origin=DEFAULT_VALUE
        CONST Null type=androidx.compose.foundation.layout.WindowInsets? value=null
      content: BLOCK type=kotlin.Function1<androidx.compose.foundation.layout.PaddingValues, kotlin.Unit> origin=LAMBDA
        COMPOSITE type=kotlin.Unit origin=null
        CALL 'public final fun <jvm-indy> <T> (dynamicCall: T of kotlin.jvm.internal.<jvm-indy>, bootstrapMethodHandle: kotlin.Any, vararg bootstrapMethodArguments: kotlin.Any): T of kotlin.jvm.internal.<jvm-indy> declared in kotlin.jvm.internal' type=kotlin.Function1<androidx.compose.foundation.layout.PaddingValues, kotlin.Unit> origin=null
          <T>: kotlin.Function1<androidx.compose.foundation.layout.PaddingValues, kotlin.Unit>
          dynamicCall: CALL 'public final fun invoke (p0: androidx.compose.runtime.MutableState<android.net.Uri?>, p1: androidx.activity.compose.ManagedActivityResultLauncher<java.lang.Void?, android.graphics.Bitmap?>, p2: androidx.activity.compose.ManagedActivityResultLauncher<kotlin.String, android.net.Uri?>, p3: androidx.compose.runtime.MutableState<kotlin.String>, p4: androidx.compose.runtime.MutableState<kotlin.String>, p5: androidx.compose.runtime.MutableState<kotlin.Boolean>, p6: kotlinx.coroutines.CoroutineScope, p7: android.content.Context, p8: androidx.compose.runtime.MutableState<android.location.Location?>, p9: com.pkmkc.spectragrow.story.ui.StoryViewModel, p10: kotlin.Function0<kotlin.Unit>): kotlin.Function1<androidx.compose.foundation.layout.PaddingValues, kotlin.Unit> declared in kotlin.jvm.internal.invokeDynamic' type=kotlin.Function1<androidx.compose.foundation.layout.PaddingValues, kotlin.Unit> origin=null
            p0: GET_VAR 'val imageUri$delegate: androidx.compose.runtime.MutableState<android.net.Uri?> [val] declared in com.pkmkc.spectragrow.story.ui.AddStoryFragmentKt.AddStoryScreen' type=androidx.compose.runtime.MutableState<android.net.Uri?> origin=null
            p1: GET_VAR 'val cameraLauncher: androidx.activity.compose.ManagedActivityResultLauncher<java.lang.Void?, android.graphics.Bitmap?> [val] declared in com.pkmkc.spectragrow.story.ui.AddStoryFragmentKt.AddStoryScreen' type=androidx.activity.compose.ManagedActivityResultLauncher<java.lang.Void?, android.graphics.Bitmap?> origin=null
            p2: GET_VAR 'val galleryLauncher: androidx.activity.compose.ManagedActivityResultLauncher<kotlin.String, android.net.Uri?> [val] declared in com.pkmkc.spectragrow.story.ui.AddStoryFragmentKt.AddStoryScreen' type=androidx.activity.compose.ManagedActivityResultLauncher<kotlin.String, android.net.Uri?> origin=null
            p3: GET_VAR 'val title$delegate: androidx.compose.runtime.MutableState<kotlin.String> [val] declared in com.pkmkc.spectragrow.story.ui.AddStoryFragmentKt.AddStoryScreen' type=androidx.compose.runtime.MutableState<kotlin.String> origin=null
            p4: GET_VAR 'val description$delegate: androidx.compose.runtime.MutableState<kotlin.String> [val] declared in com.pkmkc.spectragrow.story.ui.AddStoryFragmentKt.AddStoryScreen' type=androidx.compose.runtime.MutableState<kotlin.String> origin=null
            p5: GET_VAR 'val isUploading$delegate: androidx.compose.runtime.MutableState<kotlin.Boolean> [val] declared in com.pkmkc.spectragrow.story.ui.AddStoryFragmentKt.AddStoryScreen' type=androidx.compose.runtime.MutableState<kotlin.Boolean> origin=null
            p6: GET_VAR 'val scope: kotlinx.coroutines.CoroutineScope [val] declared in com.pkmkc.spectragrow.story.ui.AddStoryFragmentKt.AddStoryScreen' type=kotlinx.coroutines.CoroutineScope origin=null
            p7: GET_VAR 'val context: android.content.Context [val] declared in com.pkmkc.spectragrow.story.ui.AddStoryFragmentKt.AddStoryScreen' type=android.content.Context origin=null
            p8: GET_VAR 'val currentLocation$delegate: androidx.compose.runtime.MutableState<android.location.Location?> [val] declared in com.pkmkc.spectragrow.story.ui.AddStoryFragmentKt.AddStoryScreen' type=androidx.compose.runtime.MutableState<android.location.Location?> origin=null
            p9: GET_VAR 'viewModel: com.pkmkc.spectragrow.story.ui.StoryViewModel declared in com.pkmkc.spectragrow.story.ui.AddStoryFragmentKt.AddStoryScreen' type=com.pkmkc.spectragrow.story.ui.StoryViewModel origin=null
            p10: GET_VAR 'onNavigateToListStory: kotlin.Function0<kotlin.Unit> declared in com.pkmkc.spectragrow.story.ui.AddStoryFragmentKt.AddStoryScreen' type=kotlin.Function0<kotlin.Unit> origin=null
          bootstrapMethodHandle: CALL 'public final fun <jvm-method-handle> (tag: kotlin.Int, owner: kotlin.String, name: kotlin.String, descriptor: kotlin.String, isInterface: kotlin.Boolean): kotlin.Any declared in kotlin.jvm.internal' type=kotlin.Any origin=null
            tag: CONST Int type=kotlin.Int value=6
            owner: CONST String type=kotlin.String value="java/lang/invoke/LambdaMetafactory"
            name: CONST String type=kotlin.String value="metafactory"
            descriptor: CONST String type=kotlin.String value="(Ljava/lang/invoke/MethodHandles$Lookup;Ljava/lang/String;Ljava/lang/invoke/MethodType;Ljava/lang/invoke/MethodType;Ljava/lang/invoke/MethodHandle;Ljava/lang/invoke/MethodType;)Ljava/lang/invoke/CallSite;"
            isInterface: CONST Boolean type=kotlin.Boolean value=false
          bootstrapMethodArguments: VARARG type=kotlin.Array<kotlin.Any> varargElementType=kotlin.Any
            CALL 'public final fun <jvm-original-method-type> (method: kotlin.Any): kotlin.Any declared in kotlin.jvm.internal' type=kotlin.Any origin=null
              method: RAW_FUNCTION_REFERENCE 'public abstract fun invoke (p1: P1 of kotlin.Function1): R of kotlin.Function1 [operator] declared in kotlin.Function1' type=kotlin.Any
            RAW_FUNCTION_REFERENCE 'private final fun AddStoryScreen$lambda$33 ($imageUri$delegate: androidx.compose.runtime.MutableState<android.net.Uri?>, $cameraLauncher: androidx.activity.compose.ManagedActivityResultLauncher<java.lang.Void?, android.graphics.Bitmap?>, $galleryLauncher: androidx.activity.compose.ManagedActivityResultLauncher<kotlin.String, android.net.Uri?>, $title$delegate: androidx.compose.runtime.MutableState<kotlin.String>, $description$delegate: androidx.compose.runtime.MutableState<kotlin.String>, $isUploading$delegate: androidx.compose.runtime.MutableState<kotlin.Boolean>, $scope: kotlinx.coroutines.CoroutineScope, $context: android.content.Context, $currentLocation$delegate: androidx.compose.runtime.MutableState<android.location.Location?>, $viewModel: com.pkmkc.spectragrow.story.ui.StoryViewModel, $onNavigateToListStory: kotlin.Function0<kotlin.Unit>, padding: androidx.compose.foundation.layout.PaddingValues): kotlin.Unit? declared in com.pkmkc.spectragrow.story.ui.AddStoryFragmentKt' type=kotlin.Any
            CALL 'public final fun <jvm-original-method-type> (method: kotlin.Any): kotlin.Any declared in kotlin.jvm.internal' type=kotlin.Any origin=null
              method: RAW_FUNCTION_REFERENCE 'public abstract fun invoke (p1: androidx.compose.foundation.layout.PaddingValues): kotlin.Unit? [fake_override,operator] declared in kotlin.jvm.internal.invokeDynamic.<fake>' type=kotlin.Any
      $mask0: CONST Int type=kotlin.Int value=509
      $handler: CONST Null type=kotlin.Any? value=null

	at org.jetbrains.kotlin.backend.jvm.codegen.FunctionCodegen.generate(FunctionCodegen.kt:50)
	at org.jetbrains.kotlin.backend.jvm.codegen.FunctionCodegen.generate$default(FunctionCodegen.kt:42)
	at org.jetbrains.kotlin.backend.jvm.codegen.ClassCodegen.generateMethodNode(ClassCodegen.kt:385)
	at org.jetbrains.kotlin.backend.jvm.codegen.ClassCodegen.generateMethod(ClassCodegen.kt:402)
	at org.jetbrains.kotlin.backend.jvm.codegen.ClassCodegen.generate(ClassCodegen.kt:169)
	at org.jetbrains.kotlin.backend.jvm.FileCodegen.lower(JvmPhases.kt:41)
	at org.jetbrains.kotlin.backend.common.phaser.PhaseBuildersKt.makeIrFilePhase$lambda$5(PhaseBuilders.kt:114)
	at org.jetbrains.kotlin.backend.common.phaser.PhaseBuildersKt$createSimpleNamedCompilerPhase$1.phaseBody(PhaseBuilders.kt:71)
	at org.jetbrains.kotlin.backend.common.phaser.SimpleNamedCompilerPhase.phaseBody(CompilerPhase.kt:226)
	at org.jetbrains.kotlin.backend.common.phaser.AbstractNamedCompilerPhase.invoke(CompilerPhase.kt:113)
	at org.jetbrains.kotlin.backend.common.phaser.PerformByIrFilePhase.invokeSequential(performByIrFile.kt:62)
	... 43 more
Caused by: org.jetbrains.kotlin.codegen.CompilationException: Back-end (JVM) Internal error: Couldn't inline method call: CALL 'public final fun <get-current> (): T of androidx.compose.runtime.CompositionLocal [inline] declared in androidx.compose.runtime.CompositionLocal' type=android.content.Context origin=GET_PROPERTY
Method: null
File is unknown
The root cause java.lang.IllegalStateException was thrown at: org.jetbrains.kotlin.codegen.inline.SourceCompilerForInlineKt.getMethodNode(SourceCompilerForInline.kt:118)
	at org.jetbrains.kotlin.codegen.inline.InlineCodegen.performInline(InlineCodegen.kt:65)
	at org.jetbrains.kotlin.backend.jvm.codegen.IrInlineCodegen.genInlineCall(IrInlineCodegen.kt:162)
	at org.jetbrains.kotlin.backend.jvm.codegen.IrInlineCallGenerator.genCall(IrInlineCallGenerator.kt:36)
	at org.jetbrains.kotlin.backend.jvm.codegen.ExpressionCodegen.visitCall(ExpressionCodegen.kt:647)
	at org.jetbrains.kotlin.backend.jvm.codegen.ExpressionCodegen.visitCall(ExpressionCodegen.kt:137)
	at org.jetbrains.kotlin.ir.expressions.IrCall.accept(IrCall.kt:24)
	at org.jetbrains.kotlin.backend.jvm.codegen.ExpressionCodegen.visitVariable(ExpressionCodegen.kt:784)
	at org.jetbrains.kotlin.backend.jvm.codegen.ExpressionCodegen.visitVariable(ExpressionCodegen.kt:137)
	at org.jetbrains.kotlin.ir.declarations.IrVariable.accept(IrVariable.kt:36)
	at org.jetbrains.kotlin.backend.jvm.codegen.ExpressionCodegen.visitStatementContainer(ExpressionCodegen.kt:573)
	at org.jetbrains.kotlin.backend.jvm.codegen.ExpressionCodegen.visitBlockBody(ExpressionCodegen.kt:578)
	at org.jetbrains.kotlin.backend.jvm.codegen.ExpressionCodegen.visitBlockBody(ExpressionCodegen.kt:137)
	at org.jetbrains.kotlin.ir.expressions.IrBlockBody.accept(IrBlockBody.kt:20)
	at org.jetbrains.kotlin.backend.jvm.codegen.ExpressionCodegen.generate(ExpressionCodegen.kt:239)
	at org.jetbrains.kotlin.backend.jvm.codegen.FunctionCodegen.doGenerate(FunctionCodegen.kt:121)
	at org.jetbrains.kotlin.backend.jvm.codegen.FunctionCodegen.generate(FunctionCodegen.kt:46)
	... 53 more
Caused by: java.lang.IllegalStateException: couldn't find inline method Landroidx/compose/runtime/CompositionLocal;.getCurrent()Ljava/lang/Object;
	at org.jetbrains.kotlin.codegen.inline.SourceCompilerForInlineKt.getMethodNode(SourceCompilerForInline.kt:118)
	at org.jetbrains.kotlin.codegen.inline.SourceCompilerForInlineKt.loadCompiledInlineFunction(SourceCompilerForInline.kt:96)
	at org.jetbrains.kotlin.backend.jvm.codegen.IrSourceCompilerForInline.compileInlineFunction(IrSourceCompilerForInline.kt:91)
	at org.jetbrains.kotlin.codegen.inline.InlineCodegen.compileInline(InlineCodegen.kt:43)
	at org.jetbrains.kotlin.codegen.inline.InlineCodegen.performInline(InlineCodegen.kt:51)
	... 68 more


